#
# There is insufficient memory for the Java Runtime Environment to continue.
# Native memory allocation (mmap) failed to map 1044381696 bytes. Error detail: G1 virtual space
# Possible reasons:
#   The system is out of physical RAM or swap space
#   This process is running with CompressedOops enabled, and the Java Heap may be blocking the growth of the native heap
# Possible solutions:
#   Reduce memory load on the system
#   Increase physical memory or swap space
#   Check if swap backing store is full
#   Decrease Java heap size (-Xmx/-Xms)
#   Decrease number of Java threads
#   Decrease Java thread stack sizes (-Xss)
#   Set larger code cache with -XX:ReservedCodeCacheSize=
#   JVM is running with Zero Based Compressed Oops mode in which the Java heap is
#     placed in the first 32GB address space. The Java Heap base address is the
#     maximum limit for the native heap growth. Please use -XX:HeapBaseMinAddress
#     to set the Java Heap base and to place the Java Heap above 32GB virtual address.
# This output file may be truncated or incomplete.
#
#  Out of Memory Error (os_windows.cpp:3703), pid=2828, tid=15936
#
# JRE version: OpenJDK Runtime Environment (23.0.1+11) (build 23.0.1+11-39)
# Java VM: OpenJDK 64-Bit Server VM (23.0.1+11-39, mixed mode, sharing, tiered, compressed oops, compressed class ptrs, g1 gc, windows-amd64)
# No core dump will be written. Minidumps are not enabled by default on client versions of Windows
#

---------------  S U M M A R Y ------------

Command Line: -Dfile.encoding=UTF-8 -Duser.country=PL -Duser.language=pl -Duser.variant agh.ics.oop.Main

Host: 12th Gen Intel(R) Core(TM) i5-12450H, 12 cores, 15G,  Windows 11 , 64 bit Build 22621 (10.0.22621.4391)
Time: Tue Jan 14 00:08:23 2025  Windows 11 , 64 bit Build 22621 (10.0.22621.4391) elapsed time: 13.407114 seconds (0d 0h 0m 13s)

---------------  T H R E A D  ---------------

Current thread (0x00000204e4315360):  VMThread "VM Thread"          [id=15936, stack(0x0000005170600000,0x0000005170700000) (1024K)]

Stack: [0x0000005170600000,0x0000005170700000]
Native frames: (J=compiled Java code, j=interpreted, Vv=VM code, C=native code)
V  [jvm.dll+0x6e08b9]  (no source info available)
V  [jvm.dll+0x87dc83]  (no source info available)
V  [jvm.dll+0x88010e]  (no source info available)
V  [jvm.dll+0x8807e3]  (no source info available)
V  [jvm.dll+0x27aee6]  (no source info available)
V  [jvm.dll+0x6dd1c5]  (no source info available)
V  [jvm.dll+0x6d104a]  (no source info available)
V  [jvm.dll+0x35b3ea]  (no source info available)
V  [jvm.dll+0x3637f6]  (no source info available)
V  [jvm.dll+0x34fd5e]  (no source info available)
V  [jvm.dll+0x34fff8]  (no source info available)
V  [jvm.dll+0x3289cc]  (no source info available)
V  [jvm.dll+0x328a5a]  (no source info available)
V  [jvm.dll+0x374c92]  (no source info available)
V  [jvm.dll+0x373392]  (no source info available)
V  [jvm.dll+0x3281a7]  (no source info available)
V  [jvm.dll+0x372e58]  (no source info available)
V  [jvm.dll+0x886720]  (no source info available)
V  [jvm.dll+0x887a47]  (no source info available)
V  [jvm.dll+0x887f78]  (no source info available)
V  [jvm.dll+0x888213]  (no source info available)
V  [jvm.dll+0x824f8b]  (no source info available)
V  [jvm.dll+0x6df065]  (no source info available)
C  [ucrtbase.dll+0x29333]  (no source info available)
C  [KERNEL32.DLL+0x1259d]  (no source info available)
C  [ntdll.dll+0x5af38]  (no source info available)

VM_Operation (0x00000051719fd478): G1TryInitiateConcMark, mode: safepoint, requested by thread 0x00000204c11696e0


---------------  P R O C E S S  ---------------

Threads class SMR info:
_java_thread_list=0x00000204e9dc5730, length=21, elements={
0x00000204c2db3820, 0x00000204e4333760, 0x00000204e4334680, 0x00000204e4336450,
0x00000204e4339790, 0x00000204e433bc00, 0x00000204e433f6d0, 0x00000204c1031840,
0x00000204e4345e40, 0x00000204c1169d70, 0x00000204c116b120, 0x00000204c116c4d0,
0x00000204c116a400, 0x00000204c1169050, 0x00000204c11696e0, 0x00000204c116aa90,
0x00000204f1113360, 0x00000204f11139f0, 0x00000204f1111290, 0x00000204f1114710,
0x00000204f4276ef0
}

Java Threads: ( => current thread )
  0x00000204c2db3820 JavaThread "main"                              [_thread_blocked, id=16484, stack(0x000000516ff00000,0x0000005170000000) (1024K)]
  0x00000204e4333760 JavaThread "Reference Handler"          daemon [_thread_blocked, id=3792, stack(0x0000005170700000,0x0000005170800000) (1024K)]
  0x00000204e4334680 JavaThread "Finalizer"                  daemon [_thread_blocked, id=14736, stack(0x0000005170800000,0x0000005170900000) (1024K)]
  0x00000204e4336450 JavaThread "Signal Dispatcher"          daemon [_thread_blocked, id=13896, stack(0x0000005170900000,0x0000005170a00000) (1024K)]
  0x00000204e4339790 JavaThread "Attach Listener"            daemon [_thread_blocked, id=21704, stack(0x0000005170a00000,0x0000005170b00000) (1024K)]
  0x00000204e433bc00 JavaThread "Service Thread"             daemon [_thread_blocked, id=20960, stack(0x0000005170b00000,0x0000005170c00000) (1024K)]
  0x00000204e433f6d0 JavaThread "Monitor Deflation Thread"   daemon [_thread_blocked, id=18440, stack(0x0000005170c00000,0x0000005170d00000) (1024K)]
  0x00000204c1031840 JavaThread "C2 CompilerThread0"         daemon [_thread_blocked, id=12328, stack(0x0000005170d00000,0x0000005170e00000) (1024K)]
  0x00000204e4345e40 JavaThread "C1 CompilerThread0"         daemon [_thread_blocked, id=7196, stack(0x0000005170e00000,0x0000005170f00000) (1024K)]
  0x00000204c1169d70 JavaThread "Notification Thread"        daemon [_thread_blocked, id=17824, stack(0x0000005170f00000,0x0000005171000000) (1024K)]
  0x00000204c116b120 JavaThread "Common-Cleaner"             daemon [_thread_blocked, id=23144, stack(0x0000005171000000,0x0000005171100000) (1024K)]
  0x00000204c116c4d0 JavaThread "JavaFX-Launcher"                   [_thread_blocked, id=4924, stack(0x0000005171100000,0x0000005171200000) (1024K)]
  0x00000204c116a400 JavaThread "QuantumRenderer-0"          daemon [_thread_blocked, id=12888, stack(0x0000005171300000,0x0000005171400000) (1024K)]
  0x00000204c1169050 JavaThread "InvokeLaterDispatcher"      daemon [_thread_blocked, id=11168, stack(0x0000005171800000,0x0000005171900000) (1024K)]
  0x00000204c11696e0 JavaThread "JavaFX Application Thread"         [_thread_blocked, id=17364, stack(0x0000005171900000,0x0000005171a00000) (1024K)]
  0x00000204c116aa90 JavaThread "Thread-2"                   daemon [_thread_blocked, id=11636, stack(0x0000005171b00000,0x0000005171c00000) (1024K)]
  0x00000204f1113360 JavaThread "Prism Font Disposer"        daemon [_thread_blocked, id=10224, stack(0x0000005172a00000,0x0000005172b00000) (1024K)]
  0x00000204f11139f0 JavaThread "Cleaner-0"                  daemon [_thread_blocked, id=18392, stack(0x0000005172900000,0x0000005172a00000) (1024K)]
  0x00000204f1111290 JavaThread "Thread-3"                          [_thread_blocked, id=16108, stack(0x0000005171200000,0x0000005171300000) (1024K)]
  0x00000204f1114710 JavaThread "Thread-4"                          [_thread_blocked, id=22028, stack(0x0000005172500000,0x0000005172600000) (1024K)]
  0x00000204f4276ef0 JavaThread "C2 CompilerThread1"         daemon [_thread_blocked, id=15160, stack(0x0000005172d00000,0x0000005172e00000) (1024K)]
Total: 21

Other Threads:
=>0x00000204e4315360 VMThread "VM Thread"                           [id=15936, stack(0x0000005170600000,0x0000005170700000) (1024K)]
  0x00000204c51f6ee0 WatcherThread "VM Periodic Task Thread"        [id=24516, stack(0x0000005170500000,0x0000005170600000) (1024K)]
  0x00000204c5265980 WorkerThread "GC Thread#0"                     [id=2444, stack(0x0000005170000000,0x0000005170100000) (1024K)]
  0x00000204e96edd00 WorkerThread "GC Thread#1"                     [id=21500, stack(0x0000005171c00000,0x0000005171d00000) (1024K)]
  0x00000204e96ee0b0 WorkerThread "GC Thread#2"                     [id=9100, stack(0x0000005171d00000,0x0000005171e00000) (1024K)]
  0x00000204e96ee460 WorkerThread "GC Thread#3"                     [id=22660, stack(0x0000005171e00000,0x0000005171f00000) (1024K)]
  0x00000204e96ee810 WorkerThread "GC Thread#4"                     [id=13572, stack(0x0000005171f00000,0x0000005172000000) (1024K)]
  0x00000204e958f110 WorkerThread "GC Thread#5"                     [id=16692, stack(0x0000005172000000,0x0000005172100000) (1024K)]
  0x00000204e961c410 WorkerThread "GC Thread#6"                     [id=18228, stack(0x0000005172100000,0x0000005172200000) (1024K)]
  0x00000204e961c7c0 WorkerThread "GC Thread#7"                     [id=18828, stack(0x0000005172200000,0x0000005172300000) (1024K)]
  0x00000204e961cb70 WorkerThread "GC Thread#8"                     [id=10364, stack(0x0000005172300000,0x0000005172400000) (1024K)]
  0x00000204e961d6d0 WorkerThread "GC Thread#9"                     [id=22508, stack(0x0000005172400000,0x0000005172500000) (1024K)]
  0x00000204c527a2f0 ConcurrentGCThread "G1 Main Marker"            [id=21936, stack(0x0000005170100000,0x0000005170200000) (1024K)]
  0x00000204c527ad10 WorkerThread "G1 Conc#0"                       [id=23124, stack(0x0000005170200000,0x0000005170300000) (1024K)]
  0x00000204f1095e90 WorkerThread "G1 Conc#1"                       [id=21036, stack(0x0000005172b00000,0x0000005172c00000) (1024K)]
  0x00000204f1096240 WorkerThread "G1 Conc#2"                       [id=14792, stack(0x0000005172c00000,0x0000005172d00000) (1024K)]
  0x00000204e41d7460 ConcurrentGCThread "G1 Refine#0"               [id=5000, stack(0x0000005170300000,0x0000005170400000) (1024K)]
  0x00000204e41d7c90 ConcurrentGCThread "G1 Service"                [id=12364, stack(0x0000005170400000,0x0000005170500000) (1024K)]
Total: 18

Threads with active compile tasks:
C2 CompilerThread0  13456 4875   !   4       javafx.scene.Parent$3::onProposedChange (753 bytes)
Total: 1

VM state: at safepoint (normal execution)

VM Mutex/Monitor currently owned by a thread:  ([mutex/lock_event])
[0x00007ff940483910] Threads_lock - owner thread: 0x00000204e4315360
[0x00007ff940483a10] Heap_lock - owner thread: 0x00000204c11696e0

Heap address: 0x0000000704c00000, size: 4020 MB, Compressed Oops mode: Zero based, Oop shift amount: 3

CDS archive(s) mapped at: [0x0000020480000000-0x0000020480d70000-0x0000020480d70000), size 14090240, SharedBaseAddress: 0x0000020480000000, ArchiveRelocationMode: 1.
Compressed class space mapped at: 0x0000020481000000-0x00000204c1000000, reserved size: 1073741824
Narrow klass base: 0x0000020480000000, Narrow klass shift: 0, Narrow klass range: 0x41000000

GC Precious Log:
 CardTable entry size: 512
 Card Set container configuration: InlinePtr #cards 4 size 8 Array Of Cards #cards 16 size 48 Howl #buckets 8 coarsen threshold 3686 Howl Bitmap #cards 512 size 80 coarsen threshold 460 Card regions per heap region 1 cards per card region 4096
 CPUs: 12 total, 12 available
 Memory: 16076M
 Large Page Support: Disabled
 NUMA Support: Disabled
 Compressed Oops: Enabled (Zero based)
 Heap Region Size: 2M
 Heap Min Capacity: 8M
 Heap Initial Capacity: 252M
 Heap Max Capacity: 4020M
 Pre-touch: Disabled
 Parallel Workers: 10
 Concurrent Workers: 3
 Concurrent Refinement Workers: 10
 Periodic GC: Disabled

Heap:
 garbage-first heap   total reserved 4116480K, committed 571392K, used 280619K [0x0000000704c00000, 0x0000000800000000)
  region size 2048K, 1 young (2048K), 1 survivors (2048K)
 Metaspace       used 17789K, committed 18112K, reserved 1114112K
  class space    used 2471K, committed 2624K, reserved 1048576K

Heap Regions: E=young(eden), S=young(survivor), O=old, HS=humongous(starts), HC=humongous(continues), CS=collection set, F=free, TAMS=top-at-mark-start, PB=parsable bottom
|   0|0x0000000704c00000, 0x0000000704e00000, 0x0000000704e00000|100%| O|  |TAMS 0x0000000704e00000| PB 0x0000000704c00000| Untracked |  0
|   1|0x0000000704e00000, 0x0000000705000000, 0x0000000705000000|100%| O|  |TAMS 0x0000000705000000| PB 0x0000000704e00000| Untracked |  0
|   2|0x0000000705000000, 0x0000000705200000, 0x0000000705200000|100%| O|  |TAMS 0x0000000705200000| PB 0x0000000705000000| Untracked |  0
|   3|0x0000000705200000, 0x0000000705400000, 0x0000000705400000|100%|HS|  |TAMS 0x0000000705400000| PB 0x0000000705200000| Complete |  0
|   4|0x0000000705400000, 0x0000000705600000, 0x0000000705600000|100%|HS|  |TAMS 0x0000000705600000| PB 0x0000000705400000| Complete |  0
|   5|0x0000000705600000, 0x0000000705800000, 0x0000000705800000|100%|HS|  |TAMS 0x0000000705800000| PB 0x0000000705600000| Complete |  0
|   6|0x0000000705800000, 0x0000000705a00000, 0x0000000705a00000|100%|HS|  |TAMS 0x0000000705a00000| PB 0x0000000705800000| Complete |  0
|   7|0x0000000705a00000, 0x0000000705c00000, 0x0000000705c00000|100%|HS|  |TAMS 0x0000000705c00000| PB 0x0000000705a00000| Complete |  0
|   8|0x0000000705c00000, 0x0000000705e00000, 0x0000000705e00000|100%|HS|  |TAMS 0x0000000705e00000| PB 0x0000000705c00000| Complete |  0
|   9|0x0000000705e00000, 0x0000000706000000, 0x0000000706000000|100%|HS|  |TAMS 0x0000000706000000| PB 0x0000000705e00000| Complete |  0
|  10|0x0000000706000000, 0x0000000706200000, 0x0000000706200000|100%|HS|  |TAMS 0x0000000706200000| PB 0x0000000706000000| Complete |  0
|  11|0x0000000706200000, 0x0000000706400000, 0x0000000706400000|100%|HS|  |TAMS 0x0000000706400000| PB 0x0000000706200000| Complete |  0
|  12|0x0000000706400000, 0x0000000706600000, 0x0000000706600000|100%|HS|  |TAMS 0x0000000706600000| PB 0x0000000706400000| Complete |  0
|  13|0x0000000706600000, 0x0000000706800000, 0x0000000706800000|100%|HS|  |TAMS 0x0000000706800000| PB 0x0000000706600000| Complete |  0
|  14|0x0000000706800000, 0x0000000706a00000, 0x0000000706a00000|100%|HS|  |TAMS 0x0000000706a00000| PB 0x0000000706800000| Complete |  0
|  15|0x0000000706a00000, 0x0000000706c00000, 0x0000000706c00000|100%|HS|  |TAMS 0x0000000706c00000| PB 0x0000000706a00000| Complete |  0
|  16|0x0000000706c00000, 0x0000000706e00000, 0x0000000706e00000|100%|HS|  |TAMS 0x0000000706e00000| PB 0x0000000706c00000| Complete |  0
|  17|0x0000000706e00000, 0x0000000707000000, 0x0000000707000000|100%|HS|  |TAMS 0x0000000707000000| PB 0x0000000706e00000| Complete |  0
|  18|0x0000000707000000, 0x0000000707200000, 0x0000000707200000|100%|HS|  |TAMS 0x0000000707200000| PB 0x0000000707000000| Complete |  0
|  19|0x0000000707200000, 0x0000000707400000, 0x0000000707400000|100%|HS|  |TAMS 0x0000000707400000| PB 0x0000000707200000| Complete |  0
|  20|0x0000000707400000, 0x0000000707600000, 0x0000000707600000|100%|HS|  |TAMS 0x0000000707600000| PB 0x0000000707400000| Complete |  0
|  21|0x0000000707600000, 0x0000000707800000, 0x0000000707800000|100%|HS|  |TAMS 0x0000000707800000| PB 0x0000000707600000| Complete |  0
|  22|0x0000000707800000, 0x0000000707a00000, 0x0000000707a00000|100%|HS|  |TAMS 0x0000000707a00000| PB 0x0000000707800000| Complete |  0
|  23|0x0000000707a00000, 0x0000000707c00000, 0x0000000707c00000|100%|HS|  |TAMS 0x0000000707c00000| PB 0x0000000707a00000| Complete |  0
|  24|0x0000000707c00000, 0x0000000707e00000, 0x0000000707e00000|100%|HS|  |TAMS 0x0000000707e00000| PB 0x0000000707c00000| Complete |  0
|  25|0x0000000707e00000, 0x0000000708000000, 0x0000000708000000|100%|HS|  |TAMS 0x0000000708000000| PB 0x0000000707e00000| Complete |  0
|  26|0x0000000708000000, 0x0000000708200000, 0x0000000708200000|100%|HS|  |TAMS 0x0000000708200000| PB 0x0000000708000000| Complete |  0
|  27|0x0000000708200000, 0x0000000708400000, 0x0000000708400000|100%|HS|  |TAMS 0x0000000708400000| PB 0x0000000708200000| Complete |  0
|  28|0x0000000708400000, 0x0000000708600000, 0x0000000708600000|100%|HS|  |TAMS 0x0000000708600000| PB 0x0000000708400000| Complete |  0
|  29|0x0000000708600000, 0x0000000708800000, 0x0000000708800000|100%|HS|  |TAMS 0x0000000708800000| PB 0x0000000708600000| Complete |  0
|  30|0x0000000708800000, 0x0000000708a00000, 0x0000000708a00000|100%|HS|  |TAMS 0x0000000708a00000| PB 0x0000000708800000| Complete |  0
|  31|0x0000000708a00000, 0x0000000708c00000, 0x0000000708c00000|100%|HS|  |TAMS 0x0000000708c00000| PB 0x0000000708a00000| Complete |  0
|  32|0x0000000708c00000, 0x0000000708e00000, 0x0000000708e00000|100%|HS|  |TAMS 0x0000000708e00000| PB 0x0000000708c00000| Complete |  0
|  33|0x0000000708e00000, 0x0000000709000000, 0x0000000709000000|100%|HS|  |TAMS 0x0000000709000000| PB 0x0000000708e00000| Complete |  0
|  34|0x0000000709000000, 0x0000000709200000, 0x0000000709200000|100%|HS|  |TAMS 0x0000000709200000| PB 0x0000000709000000| Complete |  0
|  35|0x0000000709200000, 0x0000000709400000, 0x0000000709400000|100%|HS|  |TAMS 0x0000000709400000| PB 0x0000000709200000| Complete |  0
|  36|0x0000000709400000, 0x0000000709600000, 0x0000000709600000|100%|HS|  |TAMS 0x0000000709600000| PB 0x0000000709400000| Complete |  0
|  37|0x0000000709600000, 0x0000000709800000, 0x0000000709800000|100%|HS|  |TAMS 0x0000000709800000| PB 0x0000000709600000| Complete |  0
|  38|0x0000000709800000, 0x0000000709a00000, 0x0000000709a00000|100%|HS|  |TAMS 0x0000000709a00000| PB 0x0000000709800000| Complete |  0
|  39|0x0000000709a00000, 0x0000000709c00000, 0x0000000709c00000|100%|HS|  |TAMS 0x0000000709c00000| PB 0x0000000709a00000| Complete |  0
|  40|0x0000000709c00000, 0x0000000709e00000, 0x0000000709e00000|100%|HS|  |TAMS 0x0000000709e00000| PB 0x0000000709c00000| Complete |  0
|  41|0x0000000709e00000, 0x000000070a000000, 0x000000070a000000|100%|HS|  |TAMS 0x000000070a000000| PB 0x0000000709e00000| Complete |  0
|  42|0x000000070a000000, 0x000000070a200000, 0x000000070a200000|100%|HS|  |TAMS 0x000000070a200000| PB 0x000000070a000000| Complete |  0
|  43|0x000000070a200000, 0x000000070a400000, 0x000000070a400000|100%|HS|  |TAMS 0x000000070a400000| PB 0x000000070a200000| Complete |  0
|  44|0x000000070a400000, 0x000000070a600000, 0x000000070a600000|100%|HS|  |TAMS 0x000000070a600000| PB 0x000000070a400000| Complete |  0
|  45|0x000000070a600000, 0x000000070a800000, 0x000000070a800000|100%|HS|  |TAMS 0x000000070a800000| PB 0x000000070a600000| Complete |  0
|  46|0x000000070a800000, 0x000000070aa00000, 0x000000070aa00000|100%|HS|  |TAMS 0x000000070aa00000| PB 0x000000070a800000| Complete |  0
|  47|0x000000070aa00000, 0x000000070ac00000, 0x000000070ac00000|100%|HS|  |TAMS 0x000000070ac00000| PB 0x000000070aa00000| Complete |  0
|  48|0x000000070ac00000, 0x000000070ae00000, 0x000000070ae00000|100%|HS|  |TAMS 0x000000070ae00000| PB 0x000000070ac00000| Complete |  0
|  49|0x000000070ae00000, 0x000000070b000000, 0x000000070b000000|100%|HS|  |TAMS 0x000000070b000000| PB 0x000000070ae00000| Complete |  0
|  50|0x000000070b000000, 0x000000070b200000, 0x000000070b200000|100%|HS|  |TAMS 0x000000070b200000| PB 0x000000070b000000| Complete |  0
|  51|0x000000070b200000, 0x000000070b400000, 0x000000070b400000|100%|HS|  |TAMS 0x000000070b400000| PB 0x000000070b200000| Complete |  0
|  52|0x000000070b400000, 0x000000070b600000, 0x000000070b600000|100%|HS|  |TAMS 0x000000070b600000| PB 0x000000070b400000| Complete |  0
|  53|0x000000070b600000, 0x000000070b800000, 0x000000070b800000|100%|HS|  |TAMS 0x000000070b800000| PB 0x000000070b600000| Complete |  0
|  54|0x000000070b800000, 0x000000070ba00000, 0x000000070ba00000|100%|HS|  |TAMS 0x000000070ba00000| PB 0x000000070b800000| Complete |  0
|  55|0x000000070ba00000, 0x000000070bc00000, 0x000000070bc00000|100%|HS|  |TAMS 0x000000070bc00000| PB 0x000000070ba00000| Complete |  0
|  56|0x000000070bc00000, 0x000000070be00000, 0x000000070be00000|100%|HS|  |TAMS 0x000000070be00000| PB 0x000000070bc00000| Complete |  0
|  57|0x000000070be00000, 0x000000070c000000, 0x000000070c000000|100%|HS|  |TAMS 0x000000070c000000| PB 0x000000070be00000| Complete |  0
|  58|0x000000070c000000, 0x000000070c200000, 0x000000070c200000|100%|HS|  |TAMS 0x000000070c200000| PB 0x000000070c000000| Complete |  0
|  59|0x000000070c200000, 0x000000070c400000, 0x000000070c400000|100%| O|  |TAMS 0x000000070c400000| PB 0x000000070c200000| Untracked |  0
|  60|0x000000070c400000, 0x000000070c600000, 0x000000070c600000|100%|HS|  |TAMS 0x000000070c600000| PB 0x000000070c400000| Complete |  0
|  61|0x000000070c600000, 0x000000070c800000, 0x000000070c800000|100%|HS|  |TAMS 0x000000070c800000| PB 0x000000070c600000| Complete |  0
|  62|0x000000070c800000, 0x000000070ca00000, 0x000000070ca00000|100%|HS|  |TAMS 0x000000070ca00000| PB 0x000000070c800000| Complete |  0
|  63|0x000000070ca00000, 0x000000070cc00000, 0x000000070cc00000|100%|HS|  |TAMS 0x000000070cc00000| PB 0x000000070ca00000| Complete |  0
|  64|0x000000070cc00000, 0x000000070ce00000, 0x000000070ce00000|100%|HS|  |TAMS 0x000000070ce00000| PB 0x000000070cc00000| Complete |  0
|  65|0x000000070ce00000, 0x000000070d000000, 0x000000070d000000|100%|HS|  |TAMS 0x000000070d000000| PB 0x000000070ce00000| Complete |  0
|  66|0x000000070d000000, 0x000000070d000000, 0x000000070d200000|  0%| F|  |TAMS 0x000000070d000000| PB 0x000000070d000000| Untracked |  0
|  67|0x000000070d200000, 0x000000070d200000, 0x000000070d400000|  0%| F|  |TAMS 0x000000070d200000| PB 0x000000070d200000| Untracked |  0
|  68|0x000000070d400000, 0x000000070d400000, 0x000000070d600000|  0%| F|  |TAMS 0x000000070d400000| PB 0x000000070d400000| Untracked |  0
|  69|0x000000070d600000, 0x000000070d600000, 0x000000070d800000|  0%| F|  |TAMS 0x000000070d600000| PB 0x000000070d600000| Untracked |  0
|  70|0x000000070d800000, 0x000000070d800000, 0x000000070da00000|  0%| F|  |TAMS 0x000000070d800000| PB 0x000000070d800000| Untracked |  0
|  71|0x000000070da00000, 0x000000070da00000, 0x000000070dc00000|  0%| F|  |TAMS 0x000000070da00000| PB 0x000000070da00000| Untracked |  0
|  72|0x000000070dc00000, 0x000000070dc00000, 0x000000070de00000|  0%| F|  |TAMS 0x000000070dc00000| PB 0x000000070dc00000| Untracked |  0
|  73|0x000000070de00000, 0x000000070de00000, 0x000000070e000000|  0%| F|  |TAMS 0x000000070de00000| PB 0x000000070de00000| Untracked |  0
|  74|0x000000070e000000, 0x000000070e000000, 0x000000070e200000|  0%| F|  |TAMS 0x000000070e000000| PB 0x000000070e000000| Untracked |  0
|  75|0x000000070e200000, 0x000000070e200000, 0x000000070e400000|  0%| F|  |TAMS 0x000000070e200000| PB 0x000000070e200000| Untracked |  0
|  76|0x000000070e400000, 0x000000070e400000, 0x000000070e600000|  0%| F|  |TAMS 0x000000070e400000| PB 0x000000070e400000| Untracked |  0
|  77|0x000000070e600000, 0x000000070e600000, 0x000000070e800000|  0%| F|  |TAMS 0x000000070e600000| PB 0x000000070e600000| Untracked |  0
|  78|0x000000070e800000, 0x000000070e800000, 0x000000070ea00000|  0%| F|  |TAMS 0x000000070e800000| PB 0x000000070e800000| Untracked |  0
|  79|0x000000070ea00000, 0x000000070ea00000, 0x000000070ec00000|  0%| F|  |TAMS 0x000000070ea00000| PB 0x000000070ea00000| Untracked |  0
|  80|0x000000070ec00000, 0x000000070ec00000, 0x000000070ee00000|  0%| F|  |TAMS 0x000000070ec00000| PB 0x000000070ec00000| Untracked |  0
|  81|0x000000070ee00000, 0x000000070ee00000, 0x000000070f000000|  0%| F|  |TAMS 0x000000070ee00000| PB 0x000000070ee00000| Untracked |  0
|  82|0x000000070f000000, 0x000000070f000000, 0x000000070f200000|  0%| F|  |TAMS 0x000000070f000000| PB 0x000000070f000000| Untracked |  0
|  83|0x000000070f200000, 0x000000070f200000, 0x000000070f400000|  0%| F|  |TAMS 0x000000070f200000| PB 0x000000070f200000| Untracked |  0
|  84|0x000000070f400000, 0x000000070f400000, 0x000000070f600000|  0%| F|  |TAMS 0x000000070f400000| PB 0x000000070f400000| Untracked |  0
|  85|0x000000070f600000, 0x000000070f600000, 0x000000070f800000|  0%| F|  |TAMS 0x000000070f600000| PB 0x000000070f600000| Untracked |  0
|  86|0x000000070f800000, 0x000000070f800000, 0x000000070fa00000|  0%| F|  |TAMS 0x000000070f800000| PB 0x000000070f800000| Untracked |  0
|  87|0x000000070fa00000, 0x000000070fc00000, 0x000000070fc00000|100%| O|  |TAMS 0x000000070fc00000| PB 0x000000070fa00000| Untracked |  0
|  88|0x000000070fc00000, 0x000000070fc00000, 0x000000070fe00000|  0%| F|  |TAMS 0x000000070fc00000| PB 0x000000070fc00000| Untracked |  0
|  89|0x000000070fe00000, 0x000000070fe00000, 0x0000000710000000|  0%| F|  |TAMS 0x000000070fe00000| PB 0x000000070fe00000| Untracked |  0
|  90|0x0000000710000000, 0x0000000710000000, 0x0000000710200000|  0%| F|  |TAMS 0x0000000710000000| PB 0x0000000710000000| Untracked |  0
|  91|0x0000000710200000, 0x0000000710200000, 0x0000000710400000|  0%| F|  |TAMS 0x0000000710200000| PB 0x0000000710200000| Untracked |  0
|  92|0x0000000710400000, 0x0000000710400000, 0x0000000710600000|  0%| F|  |TAMS 0x0000000710400000| PB 0x0000000710400000| Untracked |  0
|  93|0x0000000710600000, 0x0000000710600000, 0x0000000710800000|  0%| F|  |TAMS 0x0000000710600000| PB 0x0000000710600000| Untracked |  0
|  94|0x0000000710800000, 0x0000000710800000, 0x0000000710a00000|  0%| F|  |TAMS 0x0000000710800000| PB 0x0000000710800000| Untracked |  0
|  95|0x0000000710a00000, 0x0000000710a00000, 0x0000000710c00000|  0%| F|  |TAMS 0x0000000710a00000| PB 0x0000000710a00000| Untracked |  0
|  96|0x0000000710c00000, 0x0000000710c00000, 0x0000000710e00000|  0%| F|  |TAMS 0x0000000710c00000| PB 0x0000000710c00000| Untracked |  0
|  97|0x0000000710e00000, 0x0000000710e00000, 0x0000000711000000|  0%| F|  |TAMS 0x0000000710e00000| PB 0x0000000710e00000| Untracked |  0
|  98|0x0000000711000000, 0x0000000711000000, 0x0000000711200000|  0%| F|  |TAMS 0x0000000711000000| PB 0x0000000711000000| Untracked |  0
|  99|0x0000000711200000, 0x0000000711200000, 0x0000000711400000|  0%| F|  |TAMS 0x0000000711200000| PB 0x0000000711200000| Untracked |  0
| 100|0x0000000711400000, 0x0000000711400000, 0x0000000711600000|  0%| F|  |TAMS 0x0000000711400000| PB 0x0000000711400000| Untracked |  0
| 101|0x0000000711600000, 0x0000000711600000, 0x0000000711800000|  0%| F|  |TAMS 0x0000000711600000| PB 0x0000000711600000| Untracked |  0
| 102|0x0000000711800000, 0x0000000711800000, 0x0000000711a00000|  0%| F|  |TAMS 0x0000000711800000| PB 0x0000000711800000| Untracked |  0
| 103|0x0000000711a00000, 0x0000000711a00000, 0x0000000711c00000|  0%| F|  |TAMS 0x0000000711a00000| PB 0x0000000711a00000| Untracked |  0
| 104|0x0000000711c00000, 0x0000000711c00000, 0x0000000711e00000|  0%| F|  |TAMS 0x0000000711c00000| PB 0x0000000711c00000| Untracked |  0
| 105|0x0000000711e00000, 0x0000000711e00000, 0x0000000712000000|  0%| F|  |TAMS 0x0000000711e00000| PB 0x0000000711e00000| Untracked |  0
| 106|0x0000000712000000, 0x0000000712000000, 0x0000000712200000|  0%| F|  |TAMS 0x0000000712000000| PB 0x0000000712000000| Untracked |  0
| 107|0x0000000712200000, 0x0000000712200000, 0x0000000712400000|  0%| F|  |TAMS 0x0000000712200000| PB 0x0000000712200000| Untracked |  0
| 108|0x0000000712400000, 0x0000000712400000, 0x0000000712600000|  0%| F|  |TAMS 0x0000000712400000| PB 0x0000000712400000| Untracked |  0
| 109|0x0000000712600000, 0x0000000712600000, 0x0000000712800000|  0%| F|  |TAMS 0x0000000712600000| PB 0x0000000712600000| Untracked |  0
| 110|0x0000000712800000, 0x0000000712800000, 0x0000000712a00000|  0%| F|  |TAMS 0x0000000712800000| PB 0x0000000712800000| Untracked |  0
| 111|0x0000000712a00000, 0x0000000712a00000, 0x0000000712c00000|  0%| F|  |TAMS 0x0000000712a00000| PB 0x0000000712a00000| Untracked |  0
| 112|0x0000000712c00000, 0x0000000712c00000, 0x0000000712e00000|  0%| F|  |TAMS 0x0000000712c00000| PB 0x0000000712c00000| Untracked |  0
| 113|0x0000000712e00000, 0x0000000712e00000, 0x0000000713000000|  0%| F|  |TAMS 0x0000000712e00000| PB 0x0000000712e00000| Untracked |  0
| 114|0x0000000713000000, 0x0000000713000000, 0x0000000713200000|  0%| F|  |TAMS 0x0000000713000000| PB 0x0000000713000000| Untracked |  0
| 115|0x0000000713200000, 0x0000000713200000, 0x0000000713400000|  0%| F|  |TAMS 0x0000000713200000| PB 0x0000000713200000| Untracked |  0
| 116|0x0000000713400000, 0x0000000713400000, 0x0000000713600000|  0%| F|  |TAMS 0x0000000713400000| PB 0x0000000713400000| Untracked |  0
| 117|0x0000000713600000, 0x0000000713600000, 0x0000000713800000|  0%| F|  |TAMS 0x0000000713600000| PB 0x0000000713600000| Untracked |  0
| 118|0x0000000713800000, 0x0000000713800000, 0x0000000713a00000|  0%| F|  |TAMS 0x0000000713800000| PB 0x0000000713800000| Untracked |  0
| 119|0x0000000713a00000, 0x0000000713a00000, 0x0000000713c00000|  0%| F|  |TAMS 0x0000000713a00000| PB 0x0000000713a00000| Untracked |  0
| 120|0x0000000713c00000, 0x0000000713c00000, 0x0000000713e00000|  0%| F|  |TAMS 0x0000000713c00000| PB 0x0000000713c00000| Untracked |  0
| 121|0x0000000713e00000, 0x0000000713e00000, 0x0000000714000000|  0%| F|  |TAMS 0x0000000713e00000| PB 0x0000000713e00000| Untracked |  0
| 122|0x0000000714000000, 0x0000000714000000, 0x0000000714200000|  0%| F|  |TAMS 0x0000000714000000| PB 0x0000000714000000| Untracked |  0
| 123|0x0000000714200000, 0x0000000714200000, 0x0000000714400000|  0%| F|  |TAMS 0x0000000714200000| PB 0x0000000714200000| Untracked |  0
| 124|0x0000000714400000, 0x0000000714400000, 0x0000000714600000|  0%| F|  |TAMS 0x0000000714400000| PB 0x0000000714400000| Untracked |  0
| 125|0x0000000714600000, 0x0000000714600000, 0x0000000714800000|  0%| F|  |TAMS 0x0000000714600000| PB 0x0000000714600000| Untracked |  0
| 126|0x0000000714800000, 0x0000000714800000, 0x0000000714a00000|  0%| F|  |TAMS 0x0000000714800000| PB 0x0000000714800000| Untracked |  0
| 127|0x0000000714a00000, 0x0000000714a00000, 0x0000000714c00000|  0%| F|  |TAMS 0x0000000714a00000| PB 0x0000000714a00000| Untracked |  0
| 128|0x0000000714c00000, 0x0000000714c00000, 0x0000000714e00000|  0%| F|  |TAMS 0x0000000714c00000| PB 0x0000000714c00000| Untracked |  0
| 129|0x0000000714e00000, 0x0000000714e00000, 0x0000000715000000|  0%| F|  |TAMS 0x0000000714e00000| PB 0x0000000714e00000| Untracked |  0
| 130|0x0000000715000000, 0x0000000715000000, 0x0000000715200000|  0%| F|  |TAMS 0x0000000715000000| PB 0x0000000715000000| Untracked |  0
| 131|0x0000000715200000, 0x0000000715200000, 0x0000000715400000|  0%| F|  |TAMS 0x0000000715200000| PB 0x0000000715200000| Untracked |  0
| 132|0x0000000715400000, 0x0000000715400000, 0x0000000715600000|  0%| F|  |TAMS 0x0000000715400000| PB 0x0000000715400000| Untracked |  0
| 133|0x0000000715600000, 0x0000000715600000, 0x0000000715800000|  0%| F|  |TAMS 0x0000000715600000| PB 0x0000000715600000| Untracked |  0
| 134|0x0000000715800000, 0x0000000715800000, 0x0000000715a00000|  0%| F|  |TAMS 0x0000000715800000| PB 0x0000000715800000| Untracked |  0
| 135|0x0000000715a00000, 0x0000000715a00000, 0x0000000715c00000|  0%| F|  |TAMS 0x0000000715a00000| PB 0x0000000715a00000| Untracked |  0
| 136|0x0000000715c00000, 0x0000000715c00000, 0x0000000715e00000|  0%| F|  |TAMS 0x0000000715c00000| PB 0x0000000715c00000| Untracked |  0
| 137|0x0000000715e00000, 0x0000000715e00000, 0x0000000716000000|  0%| F|  |TAMS 0x0000000715e00000| PB 0x0000000715e00000| Untracked |  0
| 138|0x0000000716000000, 0x0000000716000000, 0x0000000716200000|  0%| F|  |TAMS 0x0000000716000000| PB 0x0000000716000000| Untracked |  0
| 139|0x0000000716200000, 0x0000000716200000, 0x0000000716400000|  0%| F|  |TAMS 0x0000000716200000| PB 0x0000000716200000| Untracked |  0
| 140|0x0000000716400000, 0x0000000716400000, 0x0000000716600000|  0%| F|  |TAMS 0x0000000716400000| PB 0x0000000716400000| Untracked |  0
| 141|0x0000000716600000, 0x0000000716600000, 0x0000000716800000|  0%| F|  |TAMS 0x0000000716600000| PB 0x0000000716600000| Untracked |  0
| 142|0x0000000716800000, 0x0000000716800000, 0x0000000716a00000|  0%| F|  |TAMS 0x0000000716800000| PB 0x0000000716800000| Untracked |  0
| 143|0x0000000716a00000, 0x0000000716c00000, 0x0000000716c00000|100%|HS|  |TAMS 0x0000000716c00000| PB 0x0000000716a00000| Complete |  0
| 144|0x0000000716c00000, 0x0000000716e00000, 0x0000000716e00000|100%|HS|  |TAMS 0x0000000716e00000| PB 0x0000000716c00000| Complete |  0
| 145|0x0000000716e00000, 0x0000000717000000, 0x0000000717000000|100%|HS|  |TAMS 0x0000000717000000| PB 0x0000000716e00000| Complete |  0
| 146|0x0000000717000000, 0x0000000717200000, 0x0000000717200000|100%|HS|  |TAMS 0x0000000717200000| PB 0x0000000717000000| Complete |  0
| 147|0x0000000717200000, 0x0000000717400000, 0x0000000717400000|100%|HS|  |TAMS 0x0000000717400000| PB 0x0000000717200000| Complete |  0
| 148|0x0000000717400000, 0x0000000717600000, 0x0000000717600000|100%|HS|  |TAMS 0x0000000717600000| PB 0x0000000717400000| Complete |  0
| 149|0x0000000717600000, 0x0000000717800000, 0x0000000717800000|100%|HS|  |TAMS 0x0000000717800000| PB 0x0000000717600000| Complete |  0
| 150|0x0000000717800000, 0x0000000717a00000, 0x0000000717a00000|100%|HS|  |TAMS 0x0000000717a00000| PB 0x0000000717800000| Complete |  0
| 151|0x0000000717a00000, 0x0000000717c00000, 0x0000000717c00000|100%|HS|  |TAMS 0x0000000717c00000| PB 0x0000000717a00000| Complete |  0
| 152|0x0000000717c00000, 0x0000000717e00000, 0x0000000717e00000|100%|HS|  |TAMS 0x0000000717e00000| PB 0x0000000717c00000| Complete |  0
| 153|0x0000000717e00000, 0x0000000718000000, 0x0000000718000000|100%|HS|  |TAMS 0x0000000718000000| PB 0x0000000717e00000| Complete |  0
| 154|0x0000000718000000, 0x0000000718200000, 0x0000000718200000|100%|HS|  |TAMS 0x0000000718200000| PB 0x0000000718000000| Complete |  0
| 155|0x0000000718200000, 0x0000000718400000, 0x0000000718400000|100%|HS|  |TAMS 0x0000000718400000| PB 0x0000000718200000| Complete |  0
| 156|0x0000000718400000, 0x0000000718600000, 0x0000000718600000|100%|HS|  |TAMS 0x0000000718600000| PB 0x0000000718400000| Complete |  0
| 157|0x0000000718600000, 0x0000000718800000, 0x0000000718800000|100%|HS|  |TAMS 0x0000000718800000| PB 0x0000000718600000| Complete |  0
| 158|0x0000000718800000, 0x0000000718a00000, 0x0000000718a00000|100%|HS|  |TAMS 0x0000000718a00000| PB 0x0000000718800000| Complete |  0
| 159|0x0000000718a00000, 0x0000000718c00000, 0x0000000718c00000|100%|HS|  |TAMS 0x0000000718c00000| PB 0x0000000718a00000| Complete |  0
| 160|0x0000000718c00000, 0x0000000718e00000, 0x0000000718e00000|100%|HS|  |TAMS 0x0000000718e00000| PB 0x0000000718c00000| Complete |  0
| 161|0x0000000718e00000, 0x0000000719000000, 0x0000000719000000|100%|HS|  |TAMS 0x0000000719000000| PB 0x0000000718e00000| Complete |  0
| 162|0x0000000719000000, 0x0000000719200000, 0x0000000719200000|100%|HS|  |TAMS 0x0000000719200000| PB 0x0000000719000000| Complete |  0
| 163|0x0000000719200000, 0x0000000719400000, 0x0000000719400000|100%|HS|  |TAMS 0x0000000719400000| PB 0x0000000719200000| Complete |  0
| 164|0x0000000719400000, 0x0000000719600000, 0x0000000719600000|100%|HS|  |TAMS 0x0000000719600000| PB 0x0000000719400000| Complete |  0
| 165|0x0000000719600000, 0x0000000719800000, 0x0000000719800000|100%|HS|  |TAMS 0x0000000719800000| PB 0x0000000719600000| Complete |  0
| 166|0x0000000719800000, 0x0000000719a00000, 0x0000000719a00000|100%|HS|  |TAMS 0x0000000719a00000| PB 0x0000000719800000| Complete |  0
| 167|0x0000000719a00000, 0x0000000719c00000, 0x0000000719c00000|100%|HS|  |TAMS 0x0000000719c00000| PB 0x0000000719a00000| Complete |  0
| 168|0x0000000719c00000, 0x0000000719e00000, 0x0000000719e00000|100%|HS|  |TAMS 0x0000000719e00000| PB 0x0000000719c00000| Complete |  0
| 169|0x0000000719e00000, 0x000000071a000000, 0x000000071a000000|100%|HS|  |TAMS 0x000000071a000000| PB 0x0000000719e00000| Complete |  0
| 170|0x000000071a000000, 0x000000071a200000, 0x000000071a200000|100%|HS|  |TAMS 0x000000071a200000| PB 0x000000071a000000| Complete |  0
| 171|0x000000071a200000, 0x000000071a400000, 0x000000071a400000|100%|HS|  |TAMS 0x000000071a400000| PB 0x000000071a200000| Complete |  0
| 172|0x000000071a400000, 0x000000071a600000, 0x000000071a600000|100%|HS|  |TAMS 0x000000071a600000| PB 0x000000071a400000| Complete |  0
| 173|0x000000071a600000, 0x000000071a800000, 0x000000071a800000|100%|HS|  |TAMS 0x000000071a800000| PB 0x000000071a600000| Complete |  0
| 174|0x000000071a800000, 0x000000071aa00000, 0x000000071aa00000|100%|HS|  |TAMS 0x000000071aa00000| PB 0x000000071a800000| Complete |  0
| 175|0x000000071aa00000, 0x000000071ac00000, 0x000000071ac00000|100%|HS|  |TAMS 0x000000071ac00000| PB 0x000000071aa00000| Complete |  0
| 176|0x000000071ac00000, 0x000000071ae00000, 0x000000071ae00000|100%|HS|  |TAMS 0x000000071ae00000| PB 0x000000071ac00000| Complete |  0
| 177|0x000000071ae00000, 0x000000071b000000, 0x000000071b000000|100%|HS|  |TAMS 0x000000071b000000| PB 0x000000071ae00000| Complete |  0
| 178|0x000000071b000000, 0x000000071b200000, 0x000000071b200000|100%|HS|  |TAMS 0x000000071b200000| PB 0x000000071b000000| Complete |  0
| 179|0x000000071b200000, 0x000000071b200000, 0x000000071b400000|  0%| F|  |TAMS 0x000000071b200000| PB 0x000000071b200000| Untracked |  0
| 180|0x000000071b400000, 0x000000071b600000, 0x000000071b600000|100%|HS|  |TAMS 0x000000071b600000| PB 0x000000071b400000| Complete |  0
| 181|0x000000071b600000, 0x000000071b800000, 0x000000071b800000|100%|HS|  |TAMS 0x000000071b800000| PB 0x000000071b600000| Complete |  0
| 182|0x000000071b800000, 0x000000071ba00000, 0x000000071ba00000|100%|HS|  |TAMS 0x000000071ba00000| PB 0x000000071b800000| Complete |  0
| 183|0x000000071ba00000, 0x000000071bc00000, 0x000000071bc00000|100%|HS|  |TAMS 0x000000071bc00000| PB 0x000000071ba00000| Complete |  0
| 184|0x000000071bc00000, 0x000000071be00000, 0x000000071be00000|100%|HS|  |TAMS 0x000000071be00000| PB 0x000000071bc00000| Complete |  0
| 185|0x000000071be00000, 0x000000071c000000, 0x000000071c000000|100%|HS|  |TAMS 0x000000071c000000| PB 0x000000071be00000| Complete |  0
| 186|0x000000071c000000, 0x000000071c200000, 0x000000071c200000|100%|HS|  |TAMS 0x000000071c200000| PB 0x000000071c000000| Complete |  0
| 187|0x000000071c200000, 0x000000071c400000, 0x000000071c400000|100%|HS|  |TAMS 0x000000071c400000| PB 0x000000071c200000| Complete |  0
| 188|0x000000071c400000, 0x000000071c600000, 0x000000071c600000|100%|HS|  |TAMS 0x000000071c600000| PB 0x000000071c400000| Complete |  0
| 189|0x000000071c600000, 0x000000071c800000, 0x000000071c800000|100%|HS|  |TAMS 0x000000071c800000| PB 0x000000071c600000| Complete |  0
| 190|0x000000071c800000, 0x000000071ca00000, 0x000000071ca00000|100%|HS|  |TAMS 0x000000071ca00000| PB 0x000000071c800000| Complete |  0
| 191|0x000000071ca00000, 0x000000071cc00000, 0x000000071cc00000|100%|HS|  |TAMS 0x000000071cc00000| PB 0x000000071ca00000| Complete |  0
| 192|0x000000071cc00000, 0x000000071ce00000, 0x000000071ce00000|100%|HS|  |TAMS 0x000000071ce00000| PB 0x000000071cc00000| Complete |  0
| 193|0x000000071ce00000, 0x000000071d000000, 0x000000071d000000|100%|HS|  |TAMS 0x000000071d000000| PB 0x000000071ce00000| Complete |  0
| 194|0x000000071d000000, 0x000000071d200000, 0x000000071d200000|100%|HS|  |TAMS 0x000000071d200000| PB 0x000000071d000000| Complete |  0
| 195|0x000000071d200000, 0x000000071d400000, 0x000000071d400000|100%|HS|  |TAMS 0x000000071d400000| PB 0x000000071d200000| Complete |  0
| 196|0x000000071d400000, 0x000000071d400000, 0x000000071d600000|  0%| F|  |TAMS 0x000000071d400000| PB 0x000000071d400000| Untracked |  0
| 197|0x000000071d600000, 0x000000071d600000, 0x000000071d800000|  0%| F|  |TAMS 0x000000071d600000| PB 0x000000071d600000| Untracked |  0
| 198|0x000000071d800000, 0x000000071d800000, 0x000000071da00000|  0%| F|  |TAMS 0x000000071d800000| PB 0x000000071d800000| Untracked |  0
| 199|0x000000071da00000, 0x000000071da00000, 0x000000071dc00000|  0%| F|  |TAMS 0x000000071da00000| PB 0x000000071da00000| Untracked |  0
| 200|0x000000071dc00000, 0x000000071dc00000, 0x000000071de00000|  0%| F|  |TAMS 0x000000071dc00000| PB 0x000000071dc00000| Untracked |  0
| 201|0x000000071de00000, 0x000000071de00000, 0x000000071e000000|  0%| F|  |TAMS 0x000000071de00000| PB 0x000000071de00000| Untracked |  0
| 202|0x000000071e000000, 0x000000071e000000, 0x000000071e200000|  0%| F|  |TAMS 0x000000071e000000| PB 0x000000071e000000| Untracked |  0
| 203|0x000000071e200000, 0x000000071e200000, 0x000000071e400000|  0%| F|  |TAMS 0x000000071e200000| PB 0x000000071e200000| Untracked |  0
| 204|0x000000071e400000, 0x000000071e400000, 0x000000071e600000|  0%| F|  |TAMS 0x000000071e400000| PB 0x000000071e400000| Untracked |  0
| 205|0x000000071e600000, 0x000000071e600000, 0x000000071e800000|  0%| F|  |TAMS 0x000000071e600000| PB 0x000000071e600000| Untracked |  0
| 206|0x000000071e800000, 0x000000071e800000, 0x000000071ea00000|  0%| F|  |TAMS 0x000000071e800000| PB 0x000000071e800000| Untracked |  0
| 207|0x000000071ea00000, 0x000000071ea00000, 0x000000071ec00000|  0%| F|  |TAMS 0x000000071ea00000| PB 0x000000071ea00000| Untracked |  0
| 208|0x000000071ec00000, 0x000000071ec00000, 0x000000071ee00000|  0%| F|  |TAMS 0x000000071ec00000| PB 0x000000071ec00000| Untracked |  0
| 209|0x000000071ee00000, 0x000000071ee00000, 0x000000071f000000|  0%| F|  |TAMS 0x000000071ee00000| PB 0x000000071ee00000| Untracked |  0
| 210|0x000000071f000000, 0x000000071f000000, 0x000000071f200000|  0%| F|  |TAMS 0x000000071f000000| PB 0x000000071f000000| Untracked |  0
| 211|0x000000071f200000, 0x000000071f200000, 0x000000071f400000|  0%| F|  |TAMS 0x000000071f200000| PB 0x000000071f200000| Untracked |  0
| 212|0x000000071f400000, 0x000000071f400000, 0x000000071f600000|  0%| F|  |TAMS 0x000000071f400000| PB 0x000000071f400000| Untracked |  0
| 213|0x000000071f600000, 0x000000071f600000, 0x000000071f800000|  0%| F|  |TAMS 0x000000071f600000| PB 0x000000071f600000| Untracked |  0
| 214|0x000000071f800000, 0x000000071f800000, 0x000000071fa00000|  0%| F|  |TAMS 0x000000071f800000| PB 0x000000071f800000| Untracked |  0
| 215|0x000000071fa00000, 0x000000071fa00000, 0x000000071fc00000|  0%| F|  |TAMS 0x000000071fa00000| PB 0x000000071fa00000| Untracked |  0
| 216|0x000000071fc00000, 0x000000071fc00000, 0x000000071fe00000|  0%| F|  |TAMS 0x000000071fc00000| PB 0x000000071fc00000| Untracked |  0
| 217|0x000000071fe00000, 0x000000071fe00000, 0x0000000720000000|  0%| F|  |TAMS 0x000000071fe00000| PB 0x000000071fe00000| Untracked |  0
| 218|0x0000000720000000, 0x0000000720000000, 0x0000000720200000|  0%| F|  |TAMS 0x0000000720000000| PB 0x0000000720000000| Untracked |  0
| 219|0x0000000720200000, 0x0000000720200000, 0x0000000720400000|  0%| F|  |TAMS 0x0000000720200000| PB 0x0000000720200000| Untracked |  0
| 220|0x0000000720400000, 0x0000000720400000, 0x0000000720600000|  0%| F|  |TAMS 0x0000000720400000| PB 0x0000000720400000| Untracked |  0
| 221|0x0000000720600000, 0x0000000720600000, 0x0000000720800000|  0%| F|  |TAMS 0x0000000720600000| PB 0x0000000720600000| Untracked |  0
| 222|0x0000000720800000, 0x0000000720800000, 0x0000000720a00000|  0%| F|  |TAMS 0x0000000720800000| PB 0x0000000720800000| Untracked |  0
| 223|0x0000000720a00000, 0x0000000720a00000, 0x0000000720c00000|  0%| F|  |TAMS 0x0000000720a00000| PB 0x0000000720a00000| Untracked |  0
| 224|0x0000000720c00000, 0x0000000720c00000, 0x0000000720e00000|  0%| F|  |TAMS 0x0000000720c00000| PB 0x0000000720c00000| Untracked |  0
| 225|0x0000000720e00000, 0x0000000721000000, 0x0000000721000000|100%|HS|  |TAMS 0x0000000721000000| PB 0x0000000720e00000| Complete |  0
| 226|0x0000000721000000, 0x0000000721200000, 0x0000000721200000|100%|HS|  |TAMS 0x0000000721200000| PB 0x0000000721000000| Complete |  0
| 227|0x0000000721200000, 0x0000000721400000, 0x0000000721400000|100%|HS|  |TAMS 0x0000000721400000| PB 0x0000000721200000| Complete |  0
| 228|0x0000000721400000, 0x0000000721600000, 0x0000000721600000|100%|HS|  |TAMS 0x0000000721600000| PB 0x0000000721400000| Complete |  0
| 229|0x0000000721600000, 0x0000000721800000, 0x0000000721800000|100%|HS|  |TAMS 0x0000000721800000| PB 0x0000000721600000| Complete |  0
| 230|0x0000000721800000, 0x0000000721a00000, 0x0000000721a00000|100%|HS|  |TAMS 0x0000000721a00000| PB 0x0000000721800000| Complete |  0
| 231|0x0000000721a00000, 0x0000000721c00000, 0x0000000721c00000|100%|HS|  |TAMS 0x0000000721c00000| PB 0x0000000721a00000| Complete |  0
| 232|0x0000000721c00000, 0x0000000721c00000, 0x0000000721e00000|  0%| F|  |TAMS 0x0000000721c00000| PB 0x0000000721c00000| Untracked |  0
| 233|0x0000000721e00000, 0x0000000721e00000, 0x0000000722000000|  0%| F|  |TAMS 0x0000000721e00000| PB 0x0000000721e00000| Untracked |  0
| 234|0x0000000722000000, 0x0000000722000000, 0x0000000722200000|  0%| F|  |TAMS 0x0000000722000000| PB 0x0000000722000000| Untracked |  0
| 235|0x0000000722200000, 0x0000000722200000, 0x0000000722400000|  0%| F|  |TAMS 0x0000000722200000| PB 0x0000000722200000| Untracked |  0
| 236|0x0000000722400000, 0x0000000722400000, 0x0000000722600000|  0%| F|  |TAMS 0x0000000722400000| PB 0x0000000722400000| Untracked |  0
| 237|0x0000000722600000, 0x0000000722600000, 0x0000000722800000|  0%| F|  |TAMS 0x0000000722600000| PB 0x0000000722600000| Untracked |  0
| 238|0x0000000722800000, 0x0000000722800000, 0x0000000722a00000|  0%| F|  |TAMS 0x0000000722800000| PB 0x0000000722800000| Untracked |  0
| 239|0x0000000722a00000, 0x0000000722a00000, 0x0000000722c00000|  0%| F|  |TAMS 0x0000000722a00000| PB 0x0000000722a00000| Untracked |  0
| 240|0x0000000722c00000, 0x0000000722c00000, 0x0000000722e00000|  0%| F|  |TAMS 0x0000000722c00000| PB 0x0000000722c00000| Untracked |  0
| 241|0x0000000722e00000, 0x0000000722e00000, 0x0000000723000000|  0%| F|  |TAMS 0x0000000722e00000| PB 0x0000000722e00000| Untracked |  0
| 242|0x0000000723000000, 0x0000000723000000, 0x0000000723200000|  0%| F|  |TAMS 0x0000000723000000| PB 0x0000000723000000| Untracked |  0
| 243|0x0000000723200000, 0x0000000723200000, 0x0000000723400000|  0%| F|  |TAMS 0x0000000723200000| PB 0x0000000723200000| Untracked |  0
| 244|0x0000000723400000, 0x0000000723400000, 0x0000000723600000|  0%| F|  |TAMS 0x0000000723400000| PB 0x0000000723400000| Untracked |  0
| 245|0x0000000723600000, 0x0000000723600000, 0x0000000723800000|  0%| F|  |TAMS 0x0000000723600000| PB 0x0000000723600000| Untracked |  0
| 246|0x0000000723800000, 0x0000000723800000, 0x0000000723a00000|  0%| F|  |TAMS 0x0000000723800000| PB 0x0000000723800000| Untracked |  0
| 247|0x0000000723a00000, 0x0000000723a00000, 0x0000000723c00000|  0%| F|  |TAMS 0x0000000723a00000| PB 0x0000000723a00000| Untracked |  0
| 248|0x0000000723c00000, 0x0000000723c00000, 0x0000000723e00000|  0%| F|  |TAMS 0x0000000723c00000| PB 0x0000000723c00000| Untracked |  0
| 249|0x0000000723e00000, 0x0000000723e00000, 0x0000000724000000|  0%| F|  |TAMS 0x0000000723e00000| PB 0x0000000723e00000| Untracked |  0
| 250|0x0000000724000000, 0x0000000724000000, 0x0000000724200000|  0%| F|  |TAMS 0x0000000724000000| PB 0x0000000724000000| Untracked |  0
| 251|0x0000000724200000, 0x0000000724200000, 0x0000000724400000|  0%| F|  |TAMS 0x0000000724200000| PB 0x0000000724200000| Untracked |  0
| 252|0x0000000724400000, 0x0000000724400000, 0x0000000724600000|  0%| F|  |TAMS 0x0000000724400000| PB 0x0000000724400000| Untracked |  0
| 253|0x0000000724600000, 0x0000000724600000, 0x0000000724800000|  0%| F|  |TAMS 0x0000000724600000| PB 0x0000000724600000| Untracked |  0
| 254|0x0000000724800000, 0x0000000724800000, 0x0000000724a00000|  0%| F|  |TAMS 0x0000000724800000| PB 0x0000000724800000| Untracked |  0
| 255|0x0000000724a00000, 0x0000000724a00000, 0x0000000724c00000|  0%| F|  |TAMS 0x0000000724a00000| PB 0x0000000724a00000| Untracked |  0
| 256|0x0000000724c00000, 0x0000000724c00000, 0x0000000724e00000|  0%| F|  |TAMS 0x0000000724c00000| PB 0x0000000724c00000| Untracked |  0
| 257|0x0000000724e00000, 0x0000000724e00000, 0x0000000725000000|  0%| F|  |TAMS 0x0000000724e00000| PB 0x0000000724e00000| Untracked |  0
| 258|0x0000000725000000, 0x0000000725000000, 0x0000000725200000|  0%| F|  |TAMS 0x0000000725000000| PB 0x0000000725000000| Untracked |  0
| 259|0x0000000725200000, 0x0000000725200000, 0x0000000725400000|  0%| F|  |TAMS 0x0000000725200000| PB 0x0000000725200000| Untracked |  0
| 260|0x0000000725400000, 0x0000000725400000, 0x0000000725600000|  0%| F|  |TAMS 0x0000000725400000| PB 0x0000000725400000| Untracked |  0
| 261|0x0000000725600000, 0x0000000725600000, 0x0000000725800000|  0%| F|  |TAMS 0x0000000725600000| PB 0x0000000725600000| Untracked |  0
| 262|0x0000000725800000, 0x0000000725800000, 0x0000000725a00000|  0%| F|  |TAMS 0x0000000725800000| PB 0x0000000725800000| Untracked |  0
| 263|0x0000000725a00000, 0x0000000725a00000, 0x0000000725c00000|  0%| F|  |TAMS 0x0000000725a00000| PB 0x0000000725a00000| Untracked |  0
| 264|0x0000000725c00000, 0x0000000725e00000, 0x0000000725e00000|100%|HS|  |TAMS 0x0000000725e00000| PB 0x0000000725c00000| Complete |  0
| 265|0x0000000725e00000, 0x0000000726000000, 0x0000000726000000|100%|HS|  |TAMS 0x0000000726000000| PB 0x0000000725e00000| Complete |  0
| 266|0x0000000726000000, 0x0000000726200000, 0x0000000726200000|100%|HS|  |TAMS 0x0000000726200000| PB 0x0000000726000000| Complete |  0
| 267|0x0000000726200000, 0x0000000726400000, 0x0000000726400000|100%|HS|  |TAMS 0x0000000726400000| PB 0x0000000726200000| Complete |  0
| 268|0x0000000726400000, 0x0000000726600000, 0x0000000726600000|100%|HS|  |TAMS 0x0000000726600000| PB 0x0000000726400000| Complete |  0
| 269|0x0000000726600000, 0x0000000726800000, 0x0000000726800000|100%|HS|  |TAMS 0x0000000726800000| PB 0x0000000726600000| Complete |  0
| 270|0x0000000726800000, 0x0000000726a00000, 0x0000000726a00000|100%|HS|  |TAMS 0x0000000726a00000| PB 0x0000000726800000| Complete |  0
| 271|0x0000000726a00000, 0x0000000726c00000, 0x0000000726c00000|100%|HS|  |TAMS 0x0000000726c00000| PB 0x0000000726a00000| Complete |  0
| 272|0x0000000726c00000, 0x0000000726e00000, 0x0000000726e00000|100%|HS|  |TAMS 0x0000000726e00000| PB 0x0000000726c00000| Complete |  0
| 273|0x0000000726e00000, 0x0000000727000000, 0x0000000727000000|100%|HS|  |TAMS 0x0000000727000000| PB 0x0000000726e00000| Complete |  0
| 274|0x0000000727000000, 0x0000000727000000, 0x0000000727200000|  0%| F|  |TAMS 0x0000000727000000| PB 0x0000000727000000| Untracked |  0
| 275|0x0000000727200000, 0x0000000727200000, 0x0000000727400000|  0%| F|  |TAMS 0x0000000727200000| PB 0x0000000727200000| Untracked |  0
| 276|0x0000000727400000, 0x00000007275d04c0, 0x0000000727600000| 90%| S|CS|TAMS 0x0000000727400000| PB 0x0000000727400000| Complete |  0
| 277|0x0000000727600000, 0x0000000727600000, 0x0000000727800000|  0%| F|  |TAMS 0x0000000727600000| PB 0x0000000727600000| Untracked |  0
|2009|0x00000007ffe00000, 0x00000007ffe3a750, 0x0000000800000000| 11%| O|  |TAMS 0x00000007ffe3a750| PB 0x00000007ffe00000| Untracked |  0

Card table byte_map: [0x00000204dd660000,0x00000204dde40000] _byte_map_base: 0x00000204d9e3a000

Marking Bits: (CMBitMap*) 0x00000204c5265fa0
 Bits: [0x00000204dde40000, 0x00000204e1d10000)

Polling page: 0x00000204c30b0000

Metaspace:

Usage:
  Non-class:     14.96 MB used.
      Class:      2.41 MB used.
       Both:     17.37 MB used.

Virtual space:
  Non-class space:       64.00 MB reserved,      15.12 MB ( 24%) committed,  1 nodes.
      Class space:        1.00 GB reserved,       2.56 MB ( <1%) committed,  1 nodes.
             Both:        1.06 GB reserved,      17.69 MB (  2%) committed. 

Chunk freelists:
   Non-Class:  160.00 KB
       Class:  13.48 MB
        Both:  13.64 MB

MaxMetaspaceSize: unlimited
CompressedClassSpaceSize: 1.00 GB
Initial GC threshold: 21.00 MB
Current GC threshold: 29.50 MB
CDS: on
 - commit_granule_bytes: 65536.
 - commit_granule_words: 8192.
 - virtual_space_node_default_size: 8388608.
 - enlarge_chunks_in_place: 1.
 - use_allocation_guard: 0.


Internal statistics:

num_allocs_failed_limit: 0.
num_arena_births: 342.
num_arena_deaths: 0.
num_vsnodes_births: 2.
num_vsnodes_deaths: 0.
num_space_committed: 283.
num_space_uncommitted: 0.
num_chunks_returned_to_freelist: 0.
num_chunks_taken_from_freelist: 906.
num_chunk_merges: 0.
num_chunk_splits: 626.
num_chunks_enlarged: 469.
num_inconsistent_stats: 0.

CodeHeap 'non-profiled nmethods': size=120064Kb used=1757Kb max_used=1877Kb free=118306Kb
 bounds [0x00000204d53f0000, 0x00000204d5660000, 0x00000204dc930000]
CodeHeap 'profiled nmethods': size=120000Kb used=6439Kb max_used=6906Kb free=113560Kb
 bounds [0x00000204cd930000, 0x00000204cdff0000, 0x00000204d4e60000]
CodeHeap 'non-nmethods': size=5696Kb used=1794Kb max_used=1842Kb free=3901Kb
 bounds [0x00000204d4e60000, 0x00000204d50d0000, 0x00000204d53f0000]
CodeCache: size=245760Kb, used=9990Kb, max_used=10625Kb, free=235767Kb
 total_blobs=5063, nmethods=4233, adapters=735, full_count=0
Compilation: enabled, stopped_count=0, restarted_count=0

Compilation events (20 events):
Event: 13.283 Thread 0x00000204e4345e40 nmethod 4865 0x00000204cdfe8f08 code [0x00000204cdfe9160, 0x00000204cdfe9dd8]
Event: 13.283 Thread 0x00000204e4345e40 4866       3       com.sun.javafx.image.impl.ByteBgra::ToByteBgraPreConverter (4 bytes)
Event: 13.283 Thread 0x00000204e4345e40 nmethod 4866 0x00000204cdfe9e88 code [0x00000204cdfe9fa0, 0x00000204cdfea098]
Event: 13.283 Thread 0x00000204e4345e40 4867       3       com.sun.javafx.image.impl.BaseByteToByteConverter::convert (24 bytes)
Event: 13.283 Thread 0x00000204e4345e40 nmethod 4867 0x00000204cdfea188 code [0x00000204cdfea2c0, 0x00000204cdfea5c0]
Event: 13.283 Thread 0x00000204e4345e40 4868       3       javafx.scene.image.Image::progressPropertyImpl (26 bytes)
Event: 13.283 Thread 0x00000204e4345e40 nmethod 4868 0x00000204cdfea608 code [0x00000204cdfea780, 0x00000204cdfead80]
Event: 13.283 Thread 0x00000204e4345e40 4869       3       javafx.scene.Node::nodeOrientationProperty (27 bytes)
Event: 13.284 Thread 0x00000204e4345e40 nmethod 4869 0x00000204cdfeae08 code [0x00000204cdfeaf40, 0x00000204cdfeb310]
Event: 13.284 Thread 0x00000204e4345e40 4870       3       javafx.scene.Node$14::<init> (11 bytes)
Event: 13.284 Thread 0x00000204e4345e40 nmethod 4870 0x00000204cdfeb388 code [0x00000204cdfeb4e0, 0x00000204cdfeb9c0]
Event: 13.284 Thread 0x00000204e4345e40 4871       3       javafx.scene.Node$14::invalidated (8 bytes)
Event: 13.284 Thread 0x00000204e4345e40 nmethod 4871 0x00000204cdfeba88 code [0x00000204cdfebba0, 0x00000204cdfebce8]
Event: 13.284 Thread 0x00000204e4345e40 4872       3       javafx.scene.image.ImageView$2::invalidated (194 bytes)
Event: 13.284 Thread 0x00000204e4345e40 nmethod 4872 0x00000204cdfebd88 code [0x00000204cdfec0c0, 0x00000204cdfedbf0]
Event: 13.284 Thread 0x00000204e4345e40 4873       3       javafx.scene.image.ImageView$8::invalidated (25 bytes)
Event: 13.285 Thread 0x00000204e4345e40 nmethod 4873 0x00000204cdfedd08 code [0x00000204cdfede80, 0x00000204cdfee2c8]
Event: 13.285 Thread 0x00000204e4345e40 4874       3       javafx.scene.image.ImageView$7::invalidated (25 bytes)
Event: 13.285 Thread 0x00000204e4345e40 nmethod 4874 0x00000204cdfee308 code [0x00000204cdfee480, 0x00000204cdfee8c8]
Event: 13.289 Thread 0x00000204c1031840 4875   !   4       javafx.scene.Parent$3::onProposedChange (753 bytes)

GC Heap History (20 events):
Event: 7.530 GC heap after
{Heap after GC invocations=75 (full 0):
 garbage-first heap   total reserved 4116480K, committed 569344K, used 559970K [0x0000000704c00000, 0x0000000800000000)
  region size 2048K, 1 young (2048K), 1 survivors (2048K)
 Metaspace       used 17454K, committed 17728K, reserved 1114112K
  class space    used 2451K, committed 2560K, reserved 1048576K
}
Event: 8.152 GC heap before
{Heap before GC invocations=76 (full 0):
 garbage-first heap   total reserved 4116480K, committed 512000K, used 394082K [0x0000000704c00000, 0x0000000800000000)
  region size 2048K, 4 young (8192K), 1 survivors (2048K)
 Metaspace       used 17529K, committed 17792K, reserved 1114112K
  class space    used 2451K, committed 2560K, reserved 1048576K
}
Event: 8.155 GC heap after
{Heap after GC invocations=77 (full 0):
 garbage-first heap   total reserved 4116480K, committed 512000K, used 350204K [0x0000000704c00000, 0x0000000800000000)
  region size 2048K, 1 young (2048K), 1 survivors (2048K)
 Metaspace       used 17529K, committed 17792K, reserved 1114112K
  class space    used 2451K, committed 2560K, reserved 1048576K
}
Event: 12.884 GC heap before
{Heap before GC invocations=77 (full 0):
 garbage-first heap   total reserved 4116480K, committed 540672K, used 540668K [0x0000000704c00000, 0x0000000800000000)
  region size 2048K, 5 young (10240K), 1 survivors (2048K)
 Metaspace       used 17765K, committed 18048K, reserved 1114112K
  class space    used 2471K, committed 2624K, reserved 1048576K
}
Event: 12.887 GC heap after
{Heap after GC invocations=78 (full 0):
 garbage-first heap   total reserved 4116480K, committed 544768K, used 155275K [0x0000000704c00000, 0x0000000800000000)
  region size 2048K, 1 young (2048K), 1 survivors (2048K)
 Metaspace       used 17765K, committed 18048K, reserved 1114112K
  class space    used 2471K, committed 2624K, reserved 1048576K
}
Event: 13.292 GC heap before
{Heap before GC invocations=78 (full 0):
 garbage-first heap   total reserved 4116480K, committed 544768K, used 249483K [0x0000000704c00000, 0x0000000800000000)
  region size 2048K, 4 young (8192K), 1 survivors (2048K)
 Metaspace       used 17789K, committed 18112K, reserved 1114112K
  class space    used 2471K, committed 2624K, reserved 1048576K
}
Event: 13.294 GC heap after
{Heap after GC invocations=79 (full 0):
 garbage-first heap   total reserved 4116480K, committed 544768K, used 245662K [0x0000000704c00000, 0x0000000800000000)
  region size 2048K, 1 young (2048K), 1 survivors (2048K)
 Metaspace       used 17789K, committed 18112K, reserved 1114112K
  class space    used 2471K, committed 2624K, reserved 1048576K
}
Event: 13.307 GC heap before
{Heap before GC invocations=80 (full 0):
 garbage-first heap   total reserved 4116480K, committed 544768K, used 247710K [0x0000000704c00000, 0x0000000800000000)
  region size 2048K, 2 young (4096K), 1 survivors (2048K)
 Metaspace       used 17789K, committed 18112K, reserved 1114112K
  class space    used 2471K, committed 2624K, reserved 1048576K
}
Event: 13.310 GC heap after
{Heap after GC invocations=81 (full 0):
 garbage-first heap   total reserved 4116480K, committed 544768K, used 247697K [0x0000000704c00000, 0x0000000800000000)
  region size 2048K, 1 young (2048K), 1 survivors (2048K)
 Metaspace       used 17789K, committed 18112K, reserved 1114112K
  class space    used 2471K, committed 2624K, reserved 1048576K
}
Event: 13.322 GC heap before
{Heap before GC invocations=82 (full 0):
 garbage-first heap   total reserved 4116480K, committed 544768K, used 251793K [0x0000000704c00000, 0x0000000800000000)
  region size 2048K, 2 young (4096K), 1 survivors (2048K)
 Metaspace       used 17789K, committed 18112K, reserved 1114112K
  class space    used 2471K, committed 2624K, reserved 1048576K
}
Event: 13.325 GC heap after
{Heap after GC invocations=83 (full 0):
 garbage-first heap   total reserved 4116480K, committed 544768K, used 251791K [0x0000000704c00000, 0x0000000800000000)
  region size 2048K, 1 young (2048K), 1 survivors (2048K)
 Metaspace       used 17789K, committed 18112K, reserved 1114112K
  class space    used 2471K, committed 2624K, reserved 1048576K
}
Event: 13.340 GC heap before
{Heap before GC invocations=84 (full 0):
 garbage-first heap   total reserved 4116480K, committed 544768K, used 257935K [0x0000000704c00000, 0x0000000800000000)
  region size 2048K, 2 young (4096K), 1 survivors (2048K)
 Metaspace       used 17789K, committed 18112K, reserved 1114112K
  class space    used 2471K, committed 2624K, reserved 1048576K
}
Event: 13.342 GC heap after
{Heap after GC invocations=85 (full 0):
 garbage-first heap   total reserved 4116480K, committed 544768K, used 258007K [0x0000000704c00000, 0x0000000800000000)
  region size 2048K, 1 young (2048K), 1 survivors (2048K)
 Metaspace       used 17789K, committed 18112K, reserved 1114112K
  class space    used 2471K, committed 2624K, reserved 1048576K
}
Event: 13.356 GC heap before
{Heap before GC invocations=86 (full 0):
 garbage-first heap   total reserved 4116480K, committed 544768K, used 264151K [0x0000000704c00000, 0x0000000800000000)
  region size 2048K, 2 young (4096K), 1 survivors (2048K)
 Metaspace       used 17789K, committed 18112K, reserved 1114112K
  class space    used 2471K, committed 2624K, reserved 1048576K
}
Event: 13.359 GC heap after
{Heap after GC invocations=87 (full 0):
 garbage-first heap   total reserved 4116480K, committed 544768K, used 264208K [0x0000000704c00000, 0x0000000800000000)
  region size 2048K, 1 young (2048K), 1 survivors (2048K)
 Metaspace       used 17789K, committed 18112K, reserved 1114112K
  class space    used 2471K, committed 2624K, reserved 1048576K
}
Event: 13.372 GC heap before
{Heap before GC invocations=88 (full 0):
 garbage-first heap   total reserved 4116480K, committed 544768K, used 268304K [0x0000000704c00000, 0x0000000800000000)
  region size 2048K, 2 young (4096K), 1 survivors (2048K)
 Metaspace       used 17789K, committed 18112K, reserved 1114112K
  class space    used 2471K, committed 2624K, reserved 1048576K
}
Event: 13.374 GC heap after
{Heap after GC invocations=89 (full 0):
 garbage-first heap   total reserved 4116480K, committed 544768K, used 268261K [0x0000000704c00000, 0x0000000800000000)
  region size 2048K, 1 young (2048K), 1 survivors (2048K)
 Metaspace       used 17789K, committed 18112K, reserved 1114112K
  class space    used 2471K, committed 2624K, reserved 1048576K
}
Event: 13.388 GC heap before
{Heap before GC invocations=90 (full 0):
 garbage-first heap   total reserved 4116480K, committed 544768K, used 274405K [0x0000000704c00000, 0x0000000800000000)
  region size 2048K, 2 young (4096K), 1 survivors (2048K)
 Metaspace       used 17789K, committed 18112K, reserved 1114112K
  class space    used 2471K, committed 2624K, reserved 1048576K
}
Event: 13.390 GC heap after
{Heap after GC invocations=91 (full 0):
 garbage-first heap   total reserved 4116480K, committed 544768K, used 274420K [0x0000000704c00000, 0x0000000800000000)
  region size 2048K, 1 young (2048K), 1 survivors (2048K)
 Metaspace       used 17789K, committed 18112K, reserved 1114112K
  class space    used 2471K, committed 2624K, reserved 1048576K
}
Event: 13.403 GC heap before
{Heap before GC invocations=92 (full 0):
 garbage-first heap   total reserved 4116480K, committed 544768K, used 280564K [0x0000000704c00000, 0x0000000800000000)
  region size 2048K, 2 young (4096K), 1 survivors (2048K)
 Metaspace       used 17789K, committed 18112K, reserved 1114112K
  class space    used 2471K, committed 2624K, reserved 1048576K
}

Dll operation events (20 events):
Event: 0.261 Loaded shared library C:\Users\alber\.openjfx\cache\17\api-ms-win-crt-environment-l1-1-0.dll
Event: 0.264 Loaded shared library C:\Users\alber\.openjfx\cache\17\api-ms-win-crt-filesystem-l1-1-0.dll
Event: 0.266 Loaded shared library C:\Users\alber\.openjfx\cache\17\api-ms-win-crt-heap-l1-1-0.dll
Event: 0.268 Loaded shared library C:\Users\alber\.openjfx\cache\17\api-ms-win-crt-locale-l1-1-0.dll
Event: 0.270 Loaded shared library C:\Users\alber\.openjfx\cache\17\api-ms-win-crt-math-l1-1-0.dll
Event: 0.272 Loaded shared library C:\Users\alber\.openjfx\cache\17\api-ms-win-crt-multibyte-l1-1-0.dll
Event: 0.275 Loaded shared library C:\Users\alber\.openjfx\cache\17\api-ms-win-crt-private-l1-1-0.dll
Event: 0.277 Loaded shared library C:\Users\alber\.openjfx\cache\17\api-ms-win-crt-process-l1-1-0.dll
Event: 0.279 Loaded shared library C:\Users\alber\.openjfx\cache\17\api-ms-win-crt-runtime-l1-1-0.dll
Event: 0.281 Loaded shared library C:\Users\alber\.openjfx\cache\17\api-ms-win-crt-stdio-l1-1-0.dll
Event: 0.284 Loaded shared library C:\Users\alber\.openjfx\cache\17\api-ms-win-crt-string-l1-1-0.dll
Event: 0.286 Loaded shared library C:\Users\alber\.openjfx\cache\17\api-ms-win-crt-time-l1-1-0.dll
Event: 0.288 Loaded shared library C:\Users\alber\.openjfx\cache\17\api-ms-win-crt-utility-l1-1-0.dll
Event: 0.299 Loaded shared library C:\Users\alber\.openjfx\cache\17\ucrtbase.dll
Event: 0.302 Loaded shared library C:\Users\alber\.openjfx\cache\17\vcruntime140.dll
Event: 0.304 Loaded shared library C:\Users\alber\.openjfx\cache\17\vcruntime140_1.dll
Event: 0.311 Loaded shared library C:\Users\alber\.openjfx\cache\17\msvcp140.dll
Event: 0.350 Loaded shared library C:\Users\alber\.openjfx\cache\17\prism_d3d.dll
Event: 0.432 Loaded shared library C:\Users\alber\.openjfx\cache\17\glass.dll
Event: 0.689 Loaded shared library C:\Users\alber\.openjfx\cache\17\javafx_font.dll

Deoptimization events (20 events):
Event: 10.087 Thread 0x00000204c11696e0 DEOPT PACKING pc=0x00000204d559c3b4 sp=0x00000051719fe080
Event: 10.087 Thread 0x00000204c11696e0 DEOPT UNPACKING pc=0x00000204d4eb4402 sp=0x00000051719fdff8 mode 2
Event: 10.169 Thread 0x00000204c11696e0 Uncommon trap: trap_request=0xffffffbe fr.pc=0x00000204d559c3b4 relative=0x0000000000005ff4
Event: 10.169 Thread 0x00000204c11696e0 Uncommon trap: reason=profile_predicate action=maybe_recompile pc=0x00000204d559c3b4 method=javafx.scene.CssStyleHelper.transitionToState(Ljavafx/scene/Node;)V @ 291 c2
Event: 10.169 Thread 0x00000204c11696e0 DEOPT PACKING pc=0x00000204d559c3b4 sp=0x00000051719fe080
Event: 10.169 Thread 0x00000204c11696e0 DEOPT UNPACKING pc=0x00000204d4eb4402 sp=0x00000051719fdff8 mode 2
Event: 10.169 Thread 0x00000204c11696e0 Uncommon trap: trap_request=0xffffffbe fr.pc=0x00000204d559c3b4 relative=0x0000000000005ff4
Event: 10.170 Thread 0x00000204c11696e0 Uncommon trap: reason=profile_predicate action=maybe_recompile pc=0x00000204d559c3b4 method=javafx.scene.CssStyleHelper.transitionToState(Ljavafx/scene/Node;)V @ 291 c2
Event: 10.170 Thread 0x00000204c11696e0 DEOPT PACKING pc=0x00000204d559c3b4 sp=0x00000051719fe080
Event: 10.170 Thread 0x00000204c11696e0 DEOPT UNPACKING pc=0x00000204d4eb4402 sp=0x00000051719fdff8 mode 2
Event: 10.176 Thread 0x00000204c11696e0 Uncommon trap: trap_request=0xffffffbe fr.pc=0x00000204d559c3b4 relative=0x0000000000005ff4
Event: 10.176 Thread 0x00000204c11696e0 Uncommon trap: reason=profile_predicate action=maybe_recompile pc=0x00000204d559c3b4 method=javafx.scene.CssStyleHelper.transitionToState(Ljavafx/scene/Node;)V @ 291 c2
Event: 10.176 Thread 0x00000204c11696e0 DEOPT PACKING pc=0x00000204d559c3b4 sp=0x00000051719fe080
Event: 10.176 Thread 0x00000204c11696e0 DEOPT UNPACKING pc=0x00000204d4eb4402 sp=0x00000051719fdff8 mode 2
Event: 12.824 Thread 0x00000204c11696e0 DEOPT PACKING pc=0x00000204cda2ad55 sp=0x00000051719fdcc0
Event: 12.824 Thread 0x00000204c11696e0 DEOPT UNPACKING pc=0x00000204d4eb4b22 sp=0x00000051719fd218 mode 0
Event: 12.890 Thread 0x00000204c116a400 Uncommon trap: trap_request=0xffffff45 fr.pc=0x00000204d5560edc relative=0x00000000000000bc
Event: 12.890 Thread 0x00000204c116a400 Uncommon trap: reason=unstable_if action=reinterpret pc=0x00000204d5560edc method=com.sun.prism.impl.ManagedResource._isgone(Lcom/sun/prism/impl/ManagedResource;)Z @ 1 c2
Event: 12.890 Thread 0x00000204c116a400 DEOPT PACKING pc=0x00000204d5560edc sp=0x00000051713fd900
Event: 12.890 Thread 0x00000204c116a400 DEOPT UNPACKING pc=0x00000204d4eb4402 sp=0x00000051713fd898 mode 2

Classes loaded (20 events):
Event: 1.442 Loading class sun/misc/Unsafe
Event: 1.442 Loading class sun/misc/Unsafe done
Event: 1.443 Loading class sun/misc/Unsafe$MemoryAccessOption
Event: 1.443 Loading class sun/misc/Unsafe$MemoryAccessOption done
Event: 1.443 Loading class java/lang/invoke/DirectMethodHandle$StaticAccessor
Event: 1.443 Loading class java/lang/invoke/DirectMethodHandle$StaticAccessor done
Event: 1.468 Loading class java/lang/FdLibm$Atan2
Event: 1.468 Loading class java/lang/FdLibm$Atan2 done
Event: 2.916 Loading class java/io/UnsupportedEncodingException
Event: 2.916 Loading class java/io/UnsupportedEncodingException done
Event: 3.014 Loading class java/lang/Math$RandomNumberGeneratorHolder
Event: 3.014 Loading class java/lang/Math$RandomNumberGeneratorHolder done
Event: 3.014 Loading class java/lang/MatchException
Event: 3.014 Loading class java/lang/MatchException done
Event: 3.018 Loading class jdk/internal/event/ThreadSleepEvent
Event: 3.018 Loading class jdk/internal/event/ThreadSleepEvent done
Event: 5.519 Loading class java/util/Collections$ReverseComparator
Event: 5.519 Loading class java/util/Collections$ReverseComparator done
Event: 5.531 Loading class java/io/SequenceInputStream
Event: 5.531 Loading class java/io/SequenceInputStream done

Classes unloaded (0 events):
No events

Classes redefined (0 events):
No events

Internal exceptions (20 events):
Event: 0.827 Thread 0x00000204c11696e0 Exception <a 'java/lang/NoSuchMethodError'{0x0000000714335508}: 'java.lang.Object java.lang.invoke.DelegatingMethodHandle$Holder.reinvoke_L(java.lang.Object, int, int, int)'> (0x0000000714335508) 
thrown [s\open\src\hotspot\share\interpreter\linkResolver.cpp, line 796]
Event: 0.828 Thread 0x00000204c11696e0 Exception <a 'java/lang/NoSuchMethodError'{0x0000000714339098}: 'int java.lang.invoke.DirectMethodHandle$Holder.invokeSpecial(java.lang.Object, java.lang.Object, java.lang.Object)'> (0x0000000714339098) 
thrown [s\open\src\hotspot\share\interpreter\linkResolver.cpp, line 796]
Event: 0.828 Thread 0x00000204c11696e0 Exception <a 'java/lang/NoSuchMethodError'{0x000000071433faf0}: 'java.lang.Object java.lang.invoke.Invokers$Holder.invokeExact_MT(java.lang.Object, java.lang.Object, java.lang.Object, java.lang.Object, java.lang.Object)'> (0x000000071433faf0) 
thrown [s\open\src\hotspot\share\interpreter\linkResolver.cpp, line 796]
Event: 0.846 Thread 0x00000204c11696e0 Exception <a 'java/lang/NoSuchMethodError'{0x00000007143ca668}: 'void java.lang.invoke.DirectMethodHandle$Holder.invokeSpecial(java.lang.Object, java.lang.Object, int)'> (0x00000007143ca668) 
thrown [s\open\src\hotspot\share\interpreter\linkResolver.cpp, line 796]
Event: 0.846 Thread 0x00000204c11696e0 Exception <a 'java/lang/NoSuchMethodError'{0x00000007143d16e0}: 'void java.lang.invoke.DelegatingMethodHandle$Holder.reinvoke_L(java.lang.Object, java.lang.Object, int)'> (0x00000007143d16e0) 
thrown [s\open\src\hotspot\share\interpreter\linkResolver.cpp, line 796]
Event: 0.898 Thread 0x00000204c11696e0 Exception <a 'java/lang/NoSuchMethodError'{0x0000000713f796a0}: 'void java.lang.invoke.DirectMethodHandle$Holder.invokeVirtual(java.lang.Object, java.lang.Object)'> (0x0000000713f796a0) 
thrown [s\open\src\hotspot\share\interpreter\linkResolver.cpp, line 796]
Event: 0.900 Thread 0x00000204c11696e0 Exception <a 'java/lang/NoSuchMethodError'{0x0000000713f8c360}: 'void java.lang.invoke.DirectMethodHandle$Holder.invokeSpecial(java.lang.Object, java.lang.Object, java.lang.Object, java.lang.Object, java.lang.Object, java.lang.Object)'> (0x0000000713f8c360) 
thrown [s\open\src\hotspot\share\interpreter\linkResolver.cpp, line 796]
Event: 1.036 Thread 0x00000204c11696e0 Exception <a 'java/lang/NoSuchMethodError'{0x000000071399b090}: 'java.lang.Object java.lang.invoke.DirectMethodHandle$Holder.invokeInterface(java.lang.Object, java.lang.Object, java.lang.Object)'> (0x000000071399b090) 
thrown [s\open\src\hotspot\share\interpreter\linkResolver.cpp, line 796]
Event: 1.037 Thread 0x00000204c11696e0 Exception <a 'java/lang/IncompatibleClassChangeError'{0x000000071399e760}: Found class java.lang.Object, but interface was expected> (0x000000071399e760) 
thrown [s\open\src\hotspot\share\interpreter\linkResolver.cpp, line 863]
Event: 1.172 Thread 0x00000204c11696e0 Exception <a 'java/lang/NoSuchMethodError'{0x00000007132d7020}: 'int java.lang.invoke.DirectMethodHandle$Holder.invokeSpecial(java.lang.Object, java.lang.Object, int)'> (0x00000007132d7020) 
thrown [s\open\src\hotspot\share\interpreter\linkResolver.cpp, line 796]
Event: 1.356 Thread 0x00000204c11696e0 Exception <a 'java/lang/NoSuchMethodError'{0x00000007142ed6e0}: 'java.lang.Object java.lang.invoke.DirectMethodHandle$Holder.newInvokeSpecial(java.lang.Object, java.lang.Object, int)'> (0x00000007142ed6e0) 
thrown [s\open\src\hotspot\share\interpreter\linkResolver.cpp, line 796]
Event: 1.394 Thread 0x00000204c116a400 Exception <a 'java/lang/NoSuchMethodError'{0x00000007143ffb90}: 'int java.lang.invoke.DirectMethodHandle$Holder.invokeStaticInit(java.lang.Object, java.lang.Object)'> (0x00000007143ffb90) 
thrown [s\open\src\hotspot\share\interpreter\linkResolver.cpp, line 796]
Event: 1.404 Thread 0x00000204c11696e0 Exception <a 'java/lang/NoSuchMethodError'{0x0000000714051f68}: 'long java.lang.invoke.DirectMethodHandle$Holder.invokeStatic(java.lang.Object, java.lang.Object, java.lang.Object)'> (0x0000000714051f68) 
thrown [s\open\src\hotspot\share\interpreter\linkResolver.cpp, line 796]
Event: 1.405 Thread 0x00000204c11696e0 Exception <a 'java/lang/NoSuchMethodError'{0x0000000714055380}: 'long java.lang.invoke.DirectMethodHandle$Holder.invokeStaticInit(java.lang.Object, java.lang.Object, java.lang.Object)'> (0x0000000714055380) 
thrown [s\open\src\hotspot\share\interpreter\linkResolver.cpp, line 796]
Event: 1.408 Thread 0x00000204c11696e0 Exception <a 'java/lang/NoSuchMethodError'{0x000000071406a1a8}: 'java.lang.Object java.lang.invoke.DirectMethodHandle$Holder.newInvokeSpecial(java.lang.Object, java.lang.Object, long)'> (0x000000071406a1a8) 
thrown [s\open\src\hotspot\share\interpreter\linkResolver.cpp, line 796]
Event: 1.408 Thread 0x00000204c11696e0 Exception <a 'java/lang/NoSuchMethodError'{0x000000071406db08}: 'java.lang.Object java.lang.invoke.Invokers$Holder.linkToTargetMethod(java.lang.Object, long, java.lang.Object)'> (0x000000071406db08) 
thrown [s\open\src\hotspot\share\interpreter\linkResolver.cpp, line 796]
Event: 2.424 Thread 0x00000204c11696e0 Implicit null exception at 0x00000204d54a4d77 to 0x00000204d54a5434
Event: 5.519 Thread 0x00000204f1111290 Exception <a 'java/lang/NoSuchMethodError'{0x0000000713cf0600}: 'int java.lang.invoke.DirectMethodHandle$Holder.invokeVirtual(java.lang.Object, java.lang.Object)'> (0x0000000713cf0600) 
thrown [s\open\src\hotspot\share\interpreter\linkResolver.cpp, line 796]
Event: 5.520 Thread 0x00000204f1111290 Exception <a 'java/lang/NoSuchMethodError'{0x0000000713cff270}: 'int java.lang.invoke.DirectMethodHandle$Holder.invokeSpecialIFC(java.lang.Object, java.lang.Object, java.lang.Object, java.lang.Object, java.lang.Object)'> (0x0000000713cff270) 
thrown [s\open\src\hotspot\share\interpreter\linkResolver.cpp, line 796]
Event: 12.890 Thread 0x00000204c116a400 Implicit null exception at 0x00000204d5560e3a to 0x00000204d5560ecc

VM Operations (20 events):
Event: 13.353 Executing VM operation: G1PauseCleanup done
Event: 13.356 Executing VM operation: G1TryInitiateConcMark (G1 Humongous Allocation)
Event: 13.359 Executing VM operation: G1TryInitiateConcMark (G1 Humongous Allocation) done
Event: 13.365 Executing VM operation: G1PauseRemark
Event: 13.367 Executing VM operation: G1PauseRemark done
Event: 13.369 Executing VM operation: G1PauseCleanup
Event: 13.369 Executing VM operation: G1PauseCleanup done
Event: 13.372 Executing VM operation: G1TryInitiateConcMark (G1 Humongous Allocation)
Event: 13.374 Executing VM operation: G1TryInitiateConcMark (G1 Humongous Allocation) done
Event: 13.381 Executing VM operation: G1PauseRemark
Event: 13.383 Executing VM operation: G1PauseRemark done
Event: 13.385 Executing VM operation: G1PauseCleanup
Event: 13.385 Executing VM operation: G1PauseCleanup done
Event: 13.388 Executing VM operation: G1TryInitiateConcMark (G1 Humongous Allocation)
Event: 13.390 Executing VM operation: G1TryInitiateConcMark (G1 Humongous Allocation) done
Event: 13.397 Executing VM operation: G1PauseRemark
Event: 13.399 Executing VM operation: G1PauseRemark done
Event: 13.401 Executing VM operation: G1PauseCleanup
Event: 13.401 Executing VM operation: G1PauseCleanup done
Event: 13.403 Executing VM operation: G1TryInitiateConcMark (G1 Humongous Allocation)

Memory protections (0 events):
No events

Nmethod flushes (20 events):
Event: 13.317 Thread 0x00000204e4315360 flushing  nmethod 0x00000204cdfdac88
Event: 13.317 Thread 0x00000204e4315360 flushing  nmethod 0x00000204cda42308
Event: 13.317 Thread 0x00000204e4315360 flushing  nmethod 0x00000204cda47b88
Event: 13.317 Thread 0x00000204e4315360 flushing  nmethod 0x00000204cdac6c88
Event: 13.317 Thread 0x00000204e4315360 flushing  nmethod 0x00000204cdb5a088
Event: 13.317 Thread 0x00000204e4315360 flushing  nmethod 0x00000204cdb5a488
Event: 13.317 Thread 0x00000204e4315360 flushing  nmethod 0x00000204cdbbb688
Event: 13.317 Thread 0x00000204e4315360 flushing  nmethod 0x00000204cdbbc608
Event: 13.317 Thread 0x00000204e4315360 flushing  nmethod 0x00000204cdbbd288
Event: 13.317 Thread 0x00000204e4315360 flushing  nmethod 0x00000204cdbd3f08
Event: 13.317 Thread 0x00000204e4315360 flushing  nmethod 0x00000204cdc7fa08
Event: 13.317 Thread 0x00000204e4315360 flushing  nmethod 0x00000204cdcc8888
Event: 13.317 Thread 0x00000204e4315360 flushing  nmethod 0x00000204cdcd9b88
Event: 13.317 Thread 0x00000204e4315360 flushing  nmethod 0x00000204cdd29e08
Event: 13.317 Thread 0x00000204e4315360 flushing  nmethod 0x00000204cdd2eb08
Event: 13.317 Thread 0x00000204e4315360 flushing  nmethod 0x00000204cdd30c88
Event: 13.317 Thread 0x00000204e4315360 flushing  nmethod 0x00000204cdd55f88
Event: 13.317 Thread 0x00000204e4315360 flushing  nmethod 0x00000204cddaf488
Event: 13.317 Thread 0x00000204e4315360 flushing  nmethod 0x00000204cddf4588
Event: 13.317 Thread 0x00000204e4315360 flushing  nmethod 0x00000204cddf8608

Events (20 events):
Event: 0.436 Thread 0x00000204c116c4d0 Thread added: 0x00000204c11696e0
Event: 0.519 Thread 0x00000204c116aa90 Thread added: 0x00000204c116aa90
Event: 0.708 Thread 0x00000204e4345e40 Thread added: 0x00000204e9832a70
Event: 1.033 Thread 0x00000204c11696e0 Thread added: 0x00000204f1113360
Event: 1.439 Thread 0x00000204c116a400 Thread added: 0x00000204f11139f0
Event: 1.752 Thread 0x00000204e9832a70 Thread exited: 0x00000204e9832a70
Event: 1.752 Thread 0x00000204c13bc280 Thread exited: 0x00000204c13bc280
Event: 3.017 Thread 0x00000204c11696e0 Thread added: 0x00000204f1111290
Event: 5.573 Thread 0x00000204e4345e40 Thread added: 0x00000204f1985a50
Event: 5.891 Thread 0x00000204e4345e40 Thread added: 0x00000204e9353fa0
Event: 6.022 Thread 0x00000204e9353fa0 Thread exited: 0x00000204e9353fa0
Event: 7.013 Thread 0x00000204f1985a50 Thread exited: 0x00000204f1985a50
Event: 7.238 Thread 0x00000204e4345e40 Thread added: 0x00000204f406a370
Event: 7.395 Thread 0x00000204f406a370 Thread exited: 0x00000204f406a370
Event: 7.739 Thread 0x00000204e4345e40 Thread added: 0x00000204f40a2810
Event: 8.229 Thread 0x00000204e4345e40 Thread added: 0x00000204c176a0a0
Event: 8.471 Thread 0x00000204c176a0a0 Thread exited: 0x00000204c176a0a0
Event: 9.063 Thread 0x00000204f40a2810 Thread exited: 0x00000204f40a2810
Event: 10.165 Thread 0x00000204c11696e0 Thread added: 0x00000204f1114710
Event: 12.853 Thread 0x00000204e4345e40 Thread added: 0x00000204f4276ef0


Dynamic libraries:
0x00007ff63c070000 - 0x00007ff63c07e000 	C:\Users\alber\.jdks\openjdk-23.0.1\bin\java.exe
0x00007ff9de050000 - 0x00007ff9de267000 	C:\Windows\SYSTEM32\ntdll.dll
0x00007ff9dbd80000 - 0x00007ff9dbe44000 	C:\Windows\System32\KERNEL32.DLL
0x00007ff9db780000 - 0x00007ff9dbb3a000 	C:\Windows\System32\KERNELBASE.dll
0x00007ff9db5b0000 - 0x00007ff9db6c1000 	C:\Windows\System32\ucrtbase.dll
0x00007ff9bab20000 - 0x00007ff9bab3b000 	C:\Users\alber\.jdks\openjdk-23.0.1\bin\VCRUNTIME140.dll
0x00007ff9c1770000 - 0x00007ff9c1787000 	C:\Users\alber\.jdks\openjdk-23.0.1\bin\jli.dll
0x00007ff9dcb20000 - 0x00007ff9dccce000 	C:\Windows\System32\USER32.dll
0x00007ff9db750000 - 0x00007ff9db776000 	C:\Windows\System32\win32u.dll
0x00007ff9b00f0000 - 0x00007ff9b0382000 	C:\Windows\WinSxS\amd64_microsoft.windows.common-controls_6595b64144ccf1df_6.0.22621.4541_none_2710d1c57384c085\COMCTL32.dll
0x00007ff9dbd50000 - 0x00007ff9dbd79000 	C:\Windows\System32\GDI32.dll
0x00007ff9dbb40000 - 0x00007ff9dbc5b000 	C:\Windows\System32\gdi32full.dll
0x00007ff9dd110000 - 0x00007ff9dd1b7000 	C:\Windows\System32\msvcrt.dll
0x00007ff9db3a0000 - 0x00007ff9db43a000 	C:\Windows\System32\msvcp_win.dll
0x00007ff9dc7e0000 - 0x00007ff9dc811000 	C:\Windows\System32\IMM32.DLL
0x00007ff9c1ce0000 - 0x00007ff9c1cec000 	C:\Users\alber\.jdks\openjdk-23.0.1\bin\vcruntime140_1.dll
0x00007ff967680000 - 0x00007ff96770e000 	C:\Users\alber\.jdks\openjdk-23.0.1\bin\msvcp140.dll
0x00007ff93f810000 - 0x00007ff94055f000 	C:\Users\alber\.jdks\openjdk-23.0.1\bin\server\jvm.dll
0x00007ff9dd050000 - 0x00007ff9dd102000 	C:\Windows\System32\ADVAPI32.dll
0x00007ff9dd1c0000 - 0x00007ff9dd267000 	C:\Windows\System32\sechost.dll
0x00007ff9dbd20000 - 0x00007ff9dbd48000 	C:\Windows\System32\bcrypt.dll
0x00007ff9dccd0000 - 0x00007ff9dcde4000 	C:\Windows\System32\RPCRT4.dll
0x00007ff9dc9f0000 - 0x00007ff9dca61000 	C:\Windows\System32\WS2_32.dll
0x00007ff9db1f0000 - 0x00007ff9db23d000 	C:\Windows\SYSTEM32\POWRPROF.dll
0x00007ff9d4d50000 - 0x00007ff9d4d84000 	C:\Windows\SYSTEM32\WINMM.dll
0x00007ff9c0d70000 - 0x00007ff9c0d7a000 	C:\Windows\SYSTEM32\VERSION.dll
0x00007ff9db1d0000 - 0x00007ff9db1e3000 	C:\Windows\SYSTEM32\UMPDC.dll
0x00007ff9da2c0000 - 0x00007ff9da2d8000 	C:\Windows\SYSTEM32\kernel.appcore.dll
0x00007ff9c1a80000 - 0x00007ff9c1a8a000 	C:\Users\alber\.jdks\openjdk-23.0.1\bin\jimage.dll
0x00007ff9d81f0000 - 0x00007ff9d8422000 	C:\Windows\SYSTEM32\DBGHELP.DLL
0x00007ff9dbfd0000 - 0x00007ff9dc35f000 	C:\Windows\System32\combase.dll
0x00007ff9dce00000 - 0x00007ff9dced7000 	C:\Windows\System32\OLEAUT32.dll
0x00007ff9a78c0000 - 0x00007ff9a78f2000 	C:\Windows\SYSTEM32\dbgcore.DLL
0x00007ff9db320000 - 0x00007ff9db39b000 	C:\Windows\System32\bcryptPrimitives.dll
0x00007ff9ba4b0000 - 0x00007ff9ba4ce000 	C:\Users\alber\.jdks\openjdk-23.0.1\bin\java.dll
0x00007ff9dc830000 - 0x00007ff9dc9d5000 	C:\Windows\System32\ole32.dll
0x00007ff9dd270000 - 0x00007ff9ddae8000 	C:\Windows\System32\SHELL32.dll
0x00007ff9d9210000 - 0x00007ff9d9b18000 	C:\Windows\SYSTEM32\windows.storage.dll
0x00007ff9d90d0000 - 0x00007ff9d920f000 	C:\Windows\SYSTEM32\wintypes.dll
0x00007ff9dbed0000 - 0x00007ff9dbfca000 	C:\Windows\System32\SHCORE.dll
0x00007ff9ddcb0000 - 0x00007ff9ddd0e000 	C:\Windows\System32\shlwapi.dll
0x00007ff9db250000 - 0x00007ff9db27b000 	C:\Windows\SYSTEM32\profapi.dll
0x00007ff9675a0000 - 0x00007ff967677000 	C:\Users\alber\.jdks\openjdk-23.0.1\bin\jsvml.dll
0x00007ff9baa10000 - 0x00007ff9baa20000 	C:\Users\alber\.jdks\openjdk-23.0.1\bin\net.dll
0x00007ff9da7a0000 - 0x00007ff9da809000 	C:\Windows\system32\mswsock.dll
0x00007ff9aa050000 - 0x00007ff9aa066000 	C:\Users\alber\.jdks\openjdk-23.0.1\bin\nio.dll
0x00007ff9aee30000 - 0x00007ff9aee47000 	C:\Users\alber\.jdks\openjdk-23.0.1\bin\zip.dll
0x00000204c1d80000 - 0x00000204c1d83000 	C:\Users\alber\.openjfx\cache\17\api-ms-win-core-console-l1-1-0.dll
0x00000204c1d90000 - 0x00000204c1d93000 	C:\Users\alber\.openjfx\cache\17\api-ms-win-core-console-l1-2-0.dll
0x00000204c1da0000 - 0x00000204c1da3000 	C:\Users\alber\.openjfx\cache\17\api-ms-win-core-datetime-l1-1-0.dll
0x00000204c1db0000 - 0x00000204c1db3000 	C:\Users\alber\.openjfx\cache\17\api-ms-win-core-debug-l1-1-0.dll
0x00000204c1dc0000 - 0x00000204c1dc3000 	C:\Users\alber\.openjfx\cache\17\api-ms-win-core-errorhandling-l1-1-0.dll
0x00000204c1dd0000 - 0x00000204c1dd4000 	C:\Users\alber\.openjfx\cache\17\api-ms-win-core-file-l1-1-0.dll
0x00000204c1de0000 - 0x00000204c1de3000 	C:\Users\alber\.openjfx\cache\17\api-ms-win-core-file-l1-2-0.dll
0x00000204c1df0000 - 0x00000204c1df3000 	C:\Users\alber\.openjfx\cache\17\api-ms-win-core-file-l2-1-0.dll
0x00000204c1e00000 - 0x00000204c1e03000 	C:\Users\alber\.openjfx\cache\17\api-ms-win-core-handle-l1-1-0.dll
0x00000204c1e10000 - 0x00000204c1e13000 	C:\Users\alber\.openjfx\cache\17\api-ms-win-core-heap-l1-1-0.dll
0x00000204c1e20000 - 0x00000204c1e23000 	C:\Users\alber\.openjfx\cache\17\api-ms-win-core-interlocked-l1-1-0.dll
0x00000204c1e30000 - 0x00000204c1e33000 	C:\Users\alber\.openjfx\cache\17\api-ms-win-core-libraryloader-l1-1-0.dll
0x00000204c1e40000 - 0x00000204c1e43000 	C:\Users\alber\.openjfx\cache\17\api-ms-win-core-localization-l1-2-0.dll
0x00000204c1e50000 - 0x00000204c1e53000 	C:\Users\alber\.openjfx\cache\17\api-ms-win-core-memory-l1-1-0.dll
0x00000204c1e60000 - 0x00000204c1e63000 	C:\Users\alber\.openjfx\cache\17\api-ms-win-core-namedpipe-l1-1-0.dll
0x00000204c1e70000 - 0x00000204c1e73000 	C:\Users\alber\.openjfx\cache\17\api-ms-win-core-processenvironment-l1-1-0.dll
0x00000204c1e80000 - 0x00000204c1e83000 	C:\Users\alber\.openjfx\cache\17\api-ms-win-core-processthreads-l1-1-0.dll
0x00000204c1e90000 - 0x00000204c1e93000 	C:\Users\alber\.openjfx\cache\17\api-ms-win-core-processthreads-l1-1-1.dll
0x00000204c1ea0000 - 0x00000204c1ea3000 	C:\Users\alber\.openjfx\cache\17\api-ms-win-core-profile-l1-1-0.dll
0x00000204c1eb0000 - 0x00000204c1eb3000 	C:\Users\alber\.openjfx\cache\17\api-ms-win-core-rtlsupport-l1-1-0.dll
0x00000204c1ec0000 - 0x00000204c1ec3000 	C:\Users\alber\.openjfx\cache\17\api-ms-win-core-string-l1-1-0.dll
0x00000204c1ed0000 - 0x00000204c1ed3000 	C:\Users\alber\.openjfx\cache\17\api-ms-win-core-synch-l1-1-0.dll
0x00000204c1ee0000 - 0x00000204c1ee3000 	C:\Users\alber\.openjfx\cache\17\api-ms-win-core-synch-l1-2-0.dll
0x00000204c1ef0000 - 0x00000204c1ef3000 	C:\Users\alber\.openjfx\cache\17\api-ms-win-core-sysinfo-l1-1-0.dll
0x00000204c1f00000 - 0x00000204c1f03000 	C:\Users\alber\.openjfx\cache\17\api-ms-win-core-timezone-l1-1-0.dll
0x00000204c1f10000 - 0x00000204c1f13000 	C:\Users\alber\.openjfx\cache\17\api-ms-win-core-util-l1-1-0.dll
0x00000204c1f20000 - 0x00000204c1f23000 	C:\Users\alber\.openjfx\cache\17\api-ms-win-crt-conio-l1-1-0.dll
0x00000204c1f30000 - 0x00000204c1f34000 	C:\Users\alber\.openjfx\cache\17\api-ms-win-crt-convert-l1-1-0.dll
0x00000204c1f40000 - 0x00000204c1f43000 	C:\Users\alber\.openjfx\cache\17\api-ms-win-crt-environment-l1-1-0.dll
0x00000204c1f50000 - 0x00000204c1f53000 	C:\Users\alber\.openjfx\cache\17\api-ms-win-crt-filesystem-l1-1-0.dll
0x00000204c1f60000 - 0x00000204c1f63000 	C:\Users\alber\.openjfx\cache\17\api-ms-win-crt-heap-l1-1-0.dll
0x00000204c1f70000 - 0x00000204c1f73000 	C:\Users\alber\.openjfx\cache\17\api-ms-win-crt-locale-l1-1-0.dll
0x00000204c1f80000 - 0x00000204c1f85000 	C:\Users\alber\.openjfx\cache\17\api-ms-win-crt-math-l1-1-0.dll
0x00000204c1f90000 - 0x00000204c1f95000 	C:\Users\alber\.openjfx\cache\17\api-ms-win-crt-multibyte-l1-1-0.dll
0x00000204c1fa0000 - 0x00000204c1fb0000 	C:\Users\alber\.openjfx\cache\17\api-ms-win-crt-private-l1-1-0.dll
0x00000204c1fb0000 - 0x00000204c1fb3000 	C:\Users\alber\.openjfx\cache\17\api-ms-win-crt-process-l1-1-0.dll
0x00000204c1fc0000 - 0x00000204c1fc4000 	C:\Users\alber\.openjfx\cache\17\api-ms-win-crt-runtime-l1-1-0.dll
0x00000204c1fd0000 - 0x00000204c1fd4000 	C:\Users\alber\.openjfx\cache\17\api-ms-win-crt-stdio-l1-1-0.dll
0x00000204c1fe0000 - 0x00000204c1fe4000 	C:\Users\alber\.openjfx\cache\17\api-ms-win-crt-string-l1-1-0.dll
0x00000204c1ff0000 - 0x00000204c1ff3000 	C:\Users\alber\.openjfx\cache\17\api-ms-win-crt-time-l1-1-0.dll
0x00000204c2000000 - 0x00000204c2003000 	C:\Users\alber\.openjfx\cache\17\api-ms-win-crt-utility-l1-1-0.dll
0x00007ff94d4d0000 - 0x00007ff94d5cc000 	C:\Users\alber\.openjfx\cache\17\ucrtbase.dll
0x00007ff9af710000 - 0x00007ff9af72a000 	C:\Users\alber\.openjfx\cache\17\vcruntime140.dll
0x00007ff9ba3b0000 - 0x00007ff9ba3bc000 	C:\Users\alber\.openjfx\cache\17\vcruntime140_1.dll
0x00007ff9716e0000 - 0x00007ff97176d000 	C:\Users\alber\.openjfx\cache\17\msvcp140.dll
0x00007ff998e90000 - 0x00007ff998eba000 	C:\Users\alber\.openjfx\cache\17\prism_d3d.dll
0x00007ff962b30000 - 0x00007ff962cd8000 	C:\Windows\system32\d3d9.dll
0x00007ff9d8a30000 - 0x00007ff9d8a5b000 	C:\Windows\SYSTEM32\dwmapi.dll
0x00007ff9d88c0000 - 0x00007ff9d88f7000 	C:\Windows\SYSTEM32\dxcore.dll
0x00007ff9d8770000 - 0x00007ff9d8821000 	C:\Windows\system32\uxtheme.dll
0x00007ff98b3c0000 - 0x00007ff98b470000 	C:\Windows\SYSTEM32\d3d9on12.dll
0x00007ff9ba450000 - 0x00007ff9ba476000 	C:\Windows\SYSTEM32\d3d12.dll
0x00007ff9d8920000 - 0x00007ff9d8a17000 	C:\Windows\SYSTEM32\dxgi.dll
0x00007ff9daef0000 - 0x00007ff9daf3e000 	C:\Windows\SYSTEM32\cfgmgr32.dll
0x00007ff967c70000 - 0x00007ff967e72000 	C:\Windows\SYSTEM32\D3D12Core.dll
0x00007ff95f1c0000 - 0x00007ff95f2c7000 	C:\Windows\System32\DriverStore\FileRepository\iigd_dch.inf_amd64_a56db188a9b50197\igd12umd64.dll
0x00007ff917600000 - 0x00007ff918505000 	C:\Windows\System32\DriverStore\FileRepository\iigd_dch.inf_amd64_a56db188a9b50197\igd12um64xel.dll
0x00007ff9db440000 - 0x00007ff9db5a6000 	C:\Windows\System32\CRYPT32.dll
0x00007ff9a9620000 - 0x00007ff9a9664000 	C:\Windows\SYSTEM32\ControlLib.dll
0x00007ff9dc360000 - 0x00007ff9dc7d4000 	C:\Windows\System32\SETUPAPI.dll
0x00007ff9daf40000 - 0x00007ff9daf6c000 	C:\Windows\SYSTEM32\DEVOBJ.dll
0x00007ff9cb180000 - 0x00007ff9cb20b000 	C:\Windows\System32\DriverStore\FileRepository\iigd_dch.inf_amd64_a56db188a9b50197\IntelControlLib.dll
0x00007ff9db6d0000 - 0x00007ff9db742000 	C:\Windows\System32\WINTRUST.dll
0x00007ff9daa90000 - 0x00007ff9daaa2000 	C:\Windows\SYSTEM32\MSASN1.dll
0x00007ff9d2800000 - 0x00007ff9d2849000 	C:\Windows\SYSTEM32\directxdatabasehelper.dll
0x00007ff9ca770000 - 0x00007ff9caba8000 	C:\Windows\System32\DriverStore\FileRepository\iigd_dch.inf_amd64_a56db188a9b50197\igdgmm64.dll
0x00007ff9c2db0000 - 0x00007ff9c6c5d000 	C:\Windows\System32\DriverStore\FileRepository\iigd_dch.inf_amd64_a56db188a9b50197\igc64.dll
0x00007ff9af590000 - 0x00007ff9af5bf000 	C:\Windows\SYSTEM32\D3DSCache.dll
0x00007ff9da8b0000 - 0x00007ff9da8d8000 	C:\Windows\SYSTEM32\USERENV.dll
0x00007ff946480000 - 0x00007ff94677c000 	C:\Windows\System32\DriverStore\FileRepository\iigd_dch.inf_amd64_a56db188a9b50197\igd12dxva64.dll
0x00007ff96de20000 - 0x00007ff96f003000 	C:\Windows\System32\DriverStore\FileRepository\iigd_dch.inf_amd64_a56db188a9b50197\igddxvacommon64.dll
0x00007ff96c0f0000 - 0x00007ff96de11000 	C:\Windows\System32\DriverStore\FileRepository\iigd_dch.inf_amd64_a56db188a9b50197\media_bin_64.dll
0x00007ff9afd80000 - 0x00007ff9afda7000 	C:\Windows\System32\DriverStore\FileRepository\iigd_dch.inf_amd64_a56db188a9b50197\igdinfo64.dll
0x00007ff9daa10000 - 0x00007ff9daa2b000 	C:\Windows\SYSTEM32\CRYPTSP.dll
0x00007ff9da280000 - 0x00007ff9da2b5000 	C:\Windows\system32\rsaenh.dll
0x00007ff9daa30000 - 0x00007ff9daa3c000 	C:\Windows\SYSTEM32\CRYPTBASE.dll
0x00007ff9d5dd0000 - 0x00007ff9d6074000 	C:\Windows\SYSTEM32\twinapi.appcore.dll
0x00007ff96b4e0000 - 0x00007ff96b522000 	C:\Users\alber\.openjfx\cache\17\glass.dll
0x00007ff9dcee0000 - 0x00007ff9dcfe0000 	C:\Windows\System32\COMDLG32.dll
0x00007ff9ddd40000 - 0x00007ff9ddea1000 	C:\Windows\System32\MSCTF.dll
0x00007ff998880000 - 0x00007ff998894000 	C:\Users\alber\.openjfx\cache\17\javafx_font.dll

dbghelp: loaded successfully - version: 4.0.5 - missing functions: none
symbol engine: initialized successfully - sym options: 0x614 - pdb path: .;C:\Users\alber\.jdks\openjdk-23.0.1\bin;C:\Windows\SYSTEM32;C:\Windows\WinSxS\amd64_microsoft.windows.common-controls_6595b64144ccf1df_6.0.22621.4541_none_2710d1c57384c085;C:\Users\alber\.jdks\openjdk-23.0.1\bin\server;C:\Users\alber\.openjfx\cache\17;C:\Windows\System32\DriverStore\FileRepository\iigd_dch.inf_amd64_a56db188a9b50197;C:\Program Files\Common Files\Microsoft Shared\Ink

VM Arguments:
jvm_args: -Dfile.encoding=UTF-8 -Duser.country=PL -Duser.language=pl -Duser.variant 
java_command: agh.ics.oop.Main
java_class_path (initial): C:\Users\alber\Desktop\Nowy folder2\PO_2024_PN1830_ARNAUTOV_WISNIEWSKI\oolab\build\classes\java\main;C:\Users\alber\Desktop\Nowy folder2\PO_2024_PN1830_ARNAUTOV_WISNIEWSKI\oolab\build\resources\main;C:\Users\alber\.gradle\caches\modules-2\files-2.1\org.openjfx\javafx-fxml\17\8d79ed85fa9dde644d4b37d93a02a2ef2818769\javafx-fxml-17-win.jar;C:\Users\alber\.gradle\caches\modules-2\files-2.1\org.openjfx\javafx-web\17\be4a308dbcc947af2a9d9c42a72fd7f6d0ba77b9\javafx-web-17-win.jar;C:\Users\alber\.gradle\caches\modules-2\files-2.1\org.openjfx\javafx-controls\17\efc0f4edde079c22987064922530c67fa1350a9b\javafx-controls-17-win.jar;C:\Users\alber\.gradle\caches\modules-2\files-2.1\org.openjfx\javafx-controls\17\7116001b777530c89e5c7381d39a2c9268f71e7e\javafx-controls-17.jar;C:\Users\alber\.gradle\caches\modules-2\files-2.1\org.openjfx\javafx-media\17\6012cc30ced1539f167b64959cb9d6a4283f7aa7\javafx-media-17-win.jar;C:\Users\alber\.gradle\caches\modules-2\files-2.1\org.openjfx\javafx-media\17\4d95015ecad2405a9b90482a201147b55a0165c6\javafx-media-17.jar;C:\Users\alber\.gradle\caches\modules-2\files-2.1\org.openjfx\javafx-swing\17\aa76aa2e01dc8899dbfd4f2fb296cec7fc266ec6\javafx-swing-17-win.jar;C:\Users\alber\.gradle\caches\modules-2\files-2.1\org.openjfx\javafx-graphics\17\2c56d252b97eba8b42f049c6ce145172d744ce08\javafx-graphics-17-win.jar;C:\Users\alber\.gradle\caches\modules-2\files-2.1\org.openjfx\javafx-graphics\17\616d987ba02a86196d7feca443677fff908d5737\javafx-graphics-17.jar;C:\Users\alber\.gradle\caches\modules-2\files-2.1\org.openjfx\javafx-base\17\b63b9696f73009ca5002f49ec4db73576e2de168\javafx-base-17-win.jar;C:\Users\alber\.gradle\caches\modules-2\files-2.1\org.openjfx\javafx-base\17\1e6732190939254735dc2a88eca88c5c7ccc719d\javafx-base-17.jar
Launcher Type: SUN_STANDARD

[Global flags]
     intx CICompilerCount                          = 4                                         {product} {ergonomic}
     uint ConcGCThreads                            = 3                                         {product} {ergonomic}
     uint G1ConcRefinementThreads                  = 10                                        {product} {ergonomic}
   size_t G1HeapRegionSize                         = 2097152                                   {product} {ergonomic}
   size_t InitialHeapSize                          = 264241152                                 {product} {ergonomic}
   size_t MarkStackSize                            = 4194304                                   {product} {ergonomic}
   size_t MarkStackSizeMax                         = 536870912                                 {product} {ergonomic}
   size_t MaxHeapSize                              = 4215275520                                {product} {ergonomic}
   size_t MaxNewSize                               = 2529165312                                {product} {ergonomic}
   size_t MinHeapDeltaBytes                        = 2097152                                   {product} {ergonomic}
   size_t MinHeapSize                              = 8388608                                   {product} {ergonomic}
    uintx NonNMethodCodeHeapSize                   = 5832704                                {pd product} {ergonomic}
    uintx NonProfiledCodeHeapSize                  = 122945536                              {pd product} {ergonomic}
    uintx ProfiledCodeHeapSize                     = 122880000                              {pd product} {ergonomic}
    uintx ReservedCodeCacheSize                    = 251658240                              {pd product} {ergonomic}
     bool SegmentedCodeCache                       = true                                      {product} {ergonomic}
   size_t SoftMaxHeapSize                          = 4215275520                             {manageable} {ergonomic}
     bool UseCompressedOops                        = true                           {product lp64_product} {ergonomic}
     bool UseG1GC                                  = true                                      {product} {ergonomic}
     bool UseLargePagesIndividualAllocation        = false                                  {pd product} {ergonomic}

Logging:
Log output configuration:
 #0: stdout all=warning uptime,level,tags foldmultilines=false
 #1: stderr all=off uptime,level,tags foldmultilines=false

Environment Variables:
PATH=C:\Program Files (x86)\Common Files\Oracle\Java\javapath;C:\Windows\system32;C:\Windows;C:\Windows\System32\Wbem;C:\Windows\System32\WindowsPowerShell\v1.0\;C:\Windows\System32\OpenSSH\;C:\Program Files\Git\cmd;C:\Program Files\PuTTY\;C:\Users\alber\AppData\Local\Programs\Python\Launcher\;C:\Users\alber\AppData\Local\Microsoft\WindowsApps;C:\ghcup\bin;C:\Users\alber\AppData\Local\gitkraken\bin;C:\Users\alber\AppData\Local\GitHubDesktop\bin
USERNAME=alber
OS=Windows_NT
PROCESSOR_IDENTIFIER=Intel64 Family 6 Model 154 Stepping 3, GenuineIntel
TMP=C:\Users\alber\AppData\Local\Temp
TEMP=C:\Users\alber\AppData\Local\Temp




Periodic native trim disabled

---------------  S Y S T E M  ---------------

OS:
 Windows 11 , 64 bit Build 22621 (10.0.22621.4391)
OS uptime: 3 days 13:50 hours
Hyper-V role detected

CPU: total 12 (initial active 12) (6 cores per cpu, 2 threads per core) family 6 model 154 stepping 3 microcode 0x429, cx8, cmov, fxsr, ht, mmx, 3dnowpref, sse, sse2, sse3, ssse3, sse4.1, sse4.2, popcnt, lzcnt, tsc, tscinvbit, avx, avx2, aes, erms, clmul, bmi1, bmi2, adx, sha, fma, vzeroupper, clflush, clflushopt, clwb, hv, serialize, rdtscp, rdpid, fsrm, gfni, f16c, cet_ibt, cet_ss
Processor Information for processor 0
  Max Mhz: 2000, Current Mhz: 2000, Mhz Limit: 2000
Processor Information for processor 1
  Max Mhz: 2000, Current Mhz: 2000, Mhz Limit: 2000
Processor Information for processor 2
  Max Mhz: 2000, Current Mhz: 2000, Mhz Limit: 2000
Processor Information for processor 3
  Max Mhz: 2000, Current Mhz: 2000, Mhz Limit: 2000
Processor Information for processor 4
  Max Mhz: 2000, Current Mhz: 2000, Mhz Limit: 2000
Processor Information for processor 5
  Max Mhz: 2000, Current Mhz: 2000, Mhz Limit: 2000
Processor Information for processor 6
  Max Mhz: 2000, Current Mhz: 2000, Mhz Limit: 2000
Processor Information for processor 7
  Max Mhz: 2000, Current Mhz: 2000, Mhz Limit: 2000
Processor Information for processor 8
  Max Mhz: 2000, Current Mhz: 1500, Mhz Limit: 1500
Processor Information for processor 9
  Max Mhz: 2000, Current Mhz: 1500, Mhz Limit: 1500
Processor Information for processor 10
  Max Mhz: 2000, Current Mhz: 1500, Mhz Limit: 1500
Processor Information for processor 11
  Max Mhz: 2000, Current Mhz: 1500, Mhz Limit: 1500

Memory: 4k page, system-wide physical 16076M (1186M free)
TotalPageFile size 20865M (AvailPageFile size 375M)
current process WorkingSet (physical memory assigned to process): 1295M, peak: 1295M
current process commit charge ("private bytes"): 1590M, peak: 2585M

vm_info: OpenJDK 64-Bit Server VM (23.0.1+11-39) for windows-amd64 JRE (23.0.1+11-39), built on 2024-09-30T07:20:43Z with MS VC++ 17.6 (VS2022)

END.
